<?xml version="1.0" encoding="UTF-8"?>
<robot generator="Robot 7.2.2 (Python 3.13.3 on win32)" generated="2025-06-06T13:35:51.658518" rpa="false" schemaversion="5">
<suite id="s1" name="User Registration Tests" source="C:\Users\Lucas\pb-compassuol\CompassUOL\Sprint6\Semana11\tests\user_registration_tests.robot">
<test id="s1-t1" name="Cenario: Validar Restricao De Cadastro Com Dominio Gmail" line="12">
<kw name="Generate Random String" owner="String">
<msg time="2025-06-06T13:35:51.973511" level="INFO">${unique_user_name} = XJrEnYDO</msg>
<var>${unique_user_name}</var>
<arg>8</arg>
<arg>[LETTERS]</arg>
<doc>Generates a string with a desired ``length`` from the given ``chars``.</doc>
<status status="PASS" start="2025-06-06T13:35:51.973290" elapsed="0.000250"/>
</kw>
<kw name="Catenate" owner="BuiltIn">
<msg time="2025-06-06T13:35:51.974005" level="INFO">${unique_user_name} = UsuarioXJrEnYDO</msg>
<var>${unique_user_name}</var>
<arg>SEPARATOR=</arg>
<arg>Usuario</arg>
<arg>${unique_user_name}</arg>
<doc>Catenates the given items together and returns the resulted string.</doc>
<status status="PASS" start="2025-06-06T13:35:51.973848" elapsed="0.000177"/>
</kw>
<kw name="Catenate" owner="BuiltIn">
<msg time="2025-06-06T13:35:51.974431" level="INFO">${restricted_email} = UsuarioXJrEnYDO@gmail.com</msg>
<var>${restricted_email}</var>
<arg>SEPARATOR=</arg>
<arg>${unique_user_name}</arg>
<arg>@gmail.com</arg>
<doc>Catenates the given items together and returns the resulted string.</doc>
<status status="PASS" start="2025-06-06T13:35:51.974300" elapsed="0.000150"/>
</kw>
<kw name="Generate Random String" owner="String">
<msg time="2025-06-06T13:35:51.974861" level="INFO">${password} = 3Kic6yWx</msg>
<var>${password}</var>
<arg>8</arg>
<arg>[NUMBERS][LETTERS]</arg>
<doc>Generates a string with a desired ``length`` from the given ``chars``.</doc>
<status status="PASS" start="2025-06-06T13:35:51.974709" elapsed="0.000171"/>
</kw>
<kw name="Create Dictionary" owner="BuiltIn">
<msg time="2025-06-06T13:35:51.975430" level="INFO">&amp;{user_payload} = { nome=UsuarioXJrEnYDO | email=UsuarioXJrEnYDO@gmail.com | password=3Kic6yWx | administrador=false }</msg>
<var>&amp;{user_payload}</var>
<arg>nome=${unique_user_name}</arg>
<arg>email=${restricted_email}</arg>
<arg>password=${password}</arg>
<arg>administrador=false</arg>
<doc>Creates and returns a dictionary based on the given ``items``.</doc>
<status status="PASS" start="2025-06-06T13:35:51.975143" elapsed="0.000307"/>
</kw>
<kw name="Create Session" owner="RequestsLibrary">
<msg time="2025-06-06T13:35:51.975834" level="INFO">Creating Session using : alias=ServeRestUserSessionGmail, url=http://98.81.214.7:3000 # Garante que a sessão é criada corretamente, headers={},                     cookies={}, auth=None, timeout=None, proxies=None, verify=False,                     debug=0 </msg>
<arg>ServeRestUserSessionGmail</arg>
<arg>${BASE_URL} # Garante que a sessão é criada corretamente</arg>
<doc>Create Session: create a HTTP session to a server</doc>
<status status="PASS" start="2025-06-06T13:35:51.975718" elapsed="0.000251"/>
</kw>
<kw name="POST On Session" owner="RequestsLibrary">
<msg time="2025-06-06T13:35:52.275201" level="INFO">POST Request : url=http://98.81.214.7:3000/usuarios 
 path_url=/usuarios 
 headers={'User-Agent': 'python-requests/2.32.3', 'Accept-Encoding': 'gzip, deflate', 'Accept': '*/*', 'Connection': 'keep-alive', 'Content-Length': '115', 'Content-Type': 'application/json'} 
 body=b'{"nome": "UsuarioXJrEnYDO", "email": "UsuarioXJrEnYDO@gmail.com", "password": "3Kic6yWx", "administrador": "false"}' 
 </msg>
<msg time="2025-06-06T13:35:52.275440" level="INFO">POST Response : url=http://98.81.214.7:3000/usuarios 
 status=201, reason=Created 
 headers={'Access-Control-Allow-Origin': '*', 'x-dns-prefetch-control': 'off', 'x-frame-options': 'SAMEORIGIN', 'strict-transport-security': 'max-age=15552000; includeSubDomains', 'x-download-options': 'noopen', 'x-content-type-options': 'nosniff', 'x-xss-protection': '1; mode=block', 'Content-Type': 'application/json; charset=utf-8', 'Content-Length': '82', 'Date': 'Fri, 06 Jun 2025 16:35:52 GMT', 'Connection': 'keep-alive', 'Keep-Alive': 'timeout=5'} 
 body={
    "message": "Cadastro realizado com sucesso",
    "_id": "2whAmDMX7EeQjquF"
} 
 </msg>
<msg time="2025-06-06T13:35:52.275663" level="INFO">${response} = &lt;Response [201]&gt;</msg>
<var>${response}</var>
<arg>ServeRestUserSessionGmail</arg>
<arg>${FULL_URL}</arg>
<arg>json=${user_payload}</arg>
<doc>Sends a POST request on a previously created HTTP Session.</doc>
<status status="PASS" start="2025-06-06T13:35:51.976223" elapsed="0.299488"/>
</kw>
<kw name="Log To Console" owner="BuiltIn">
<arg>Corpo da Resposta (Erro): ${response.json()}</arg>
<doc>Logs the given message to the console.</doc>
<status status="PASS" start="2025-06-06T13:35:52.276359" elapsed="0.001331"/>
</kw>
<kw name="Should Be Equal As Strings" owner="BuiltIn">
<msg time="2025-06-06T13:35:52.278758" level="INFO">Argument types are:
&lt;class 'int'&gt;
&lt;class 'str'&gt;</msg>
<msg time="2025-06-06T13:35:52.279248" level="FAIL">Status Code não foi 400 para email restrito (Gmail).: 201 != 400</msg>
<arg>${response.status_code}</arg>
<arg>400</arg>
<arg>msg=Status Code não foi 400 para email restrito (Gmail).</arg>
<doc>Fails if objects are unequal after converting them to strings.</doc>
<status status="FAIL" start="2025-06-06T13:35:52.278082" elapsed="0.001370">Status Code não foi 400 para email restrito (Gmail).: 201 != 400</status>
</kw>
<kw name="Should Contain" owner="BuiltIn">
<arg>${response.json()['message']}</arg>
<arg>Email já cadastrado</arg>
<arg>msg=A mensagem de erro para email restrito (Gmail) está incorreta.</arg>
<doc>Fails if ``container`` does not contain ``item`` one or more times.</doc>
<status status="NOT RUN" start="2025-06-06T13:35:52.280288" elapsed="0.000038"/>
</kw>
<tag>cadastro</tag>
<tag>email</tag>
<tag>negativo</tag>
<tag>restricao</tag>
<tag>usuario</tag>
<status status="FAIL" start="2025-06-06T13:35:51.972418" elapsed="0.308401">Status Code não foi 400 para email restrito (Gmail).: 201 != 400</status>
</test>
<test id="s1-t2" name="Cenario: Validar Restricao De Cadastro Com Dominio Hotmail" line="38">
<kw name="Generate Random String" owner="String">
<msg time="2025-06-06T13:35:52.283195" level="INFO">${unique_user_name} = urDkEBCp</msg>
<var>${unique_user_name}</var>
<arg>8</arg>
<arg>[LETTERS]</arg>
<doc>Generates a string with a desired ``length`` from the given ``chars``.</doc>
<status status="PASS" start="2025-06-06T13:35:52.282856" elapsed="0.000383"/>
</kw>
<kw name="Catenate" owner="BuiltIn">
<msg time="2025-06-06T13:35:52.283925" level="INFO">${unique_user_name} = UsuariourDkEBCp</msg>
<var>${unique_user_name}</var>
<arg>SEPARATOR=</arg>
<arg>Usuario</arg>
<arg>${unique_user_name}</arg>
<doc>Catenates the given items together and returns the resulted string.</doc>
<status status="PASS" start="2025-06-06T13:35:52.283696" elapsed="0.000258"/>
</kw>
<kw name="Catenate" owner="BuiltIn">
<msg time="2025-06-06T13:35:52.284501" level="INFO">${restricted_email} = UsuariourDkEBCp@hotmail.com</msg>
<var>${restricted_email}</var>
<arg>SEPARATOR=</arg>
<arg>${unique_user_name}</arg>
<arg>@hotmail.com</arg>
<doc>Catenates the given items together and returns the resulted string.</doc>
<status status="PASS" start="2025-06-06T13:35:52.284297" elapsed="0.000233"/>
</kw>
<kw name="Generate Random String" owner="String">
<msg time="2025-06-06T13:35:52.285106" level="INFO">${password} = FFTtovYP</msg>
<var>${password}</var>
<arg>8</arg>
<arg>[NUMBERS][LETTERS]</arg>
<doc>Generates a string with a desired ``length`` from the given ``chars``.</doc>
<status status="PASS" start="2025-06-06T13:35:52.284876" elapsed="0.000262"/>
</kw>
<kw name="Create Dictionary" owner="BuiltIn">
<msg time="2025-06-06T13:35:52.285893" level="INFO">&amp;{user_payload} = { nome=UsuariourDkEBCp | email=UsuariourDkEBCp@hotmail.com | password=FFTtovYP | administrador=false }</msg>
<var>&amp;{user_payload}</var>
<arg>nome=${unique_user_name}</arg>
<arg>email=${restricted_email}</arg>
<arg>password=${password}</arg>
<arg>administrador=false</arg>
<doc>Creates and returns a dictionary based on the given ``items``.</doc>
<status status="PASS" start="2025-06-06T13:35:52.285508" elapsed="0.000595"/>
</kw>
<kw name="Create Session" owner="RequestsLibrary">
<msg time="2025-06-06T13:35:52.286656" level="INFO">Creating Session using : alias=ServeRestUserSessionHotmail, url=http://98.81.214.7:3000 # Garante que a sessão é criada corretamente, headers={},                     cookies={}, auth=None, timeout=None, proxies=None, verify=False,                     debug=0 </msg>
<arg>ServeRestUserSessionHotmail</arg>
<arg>${BASE_URL} # Garante que a sessão é criada corretamente</arg>
<doc>Create Session: create a HTTP session to a server</doc>
<status status="PASS" start="2025-06-06T13:35:52.286487" elapsed="0.000301"/>
</kw>
<kw name="POST On Session" owner="RequestsLibrary">
<msg time="2025-06-06T13:35:52.575642" level="INFO">POST Request : url=http://98.81.214.7:3000/usuarios 
 path_url=/usuarios 
 headers={'User-Agent': 'python-requests/2.32.3', 'Accept-Encoding': 'gzip, deflate', 'Accept': '*/*', 'Connection': 'keep-alive', 'Content-Length': '117', 'Content-Type': 'application/json'} 
 body=b'{"nome": "UsuariourDkEBCp", "email": "UsuariourDkEBCp@hotmail.com", "password": "FFTtovYP", "administrador": "false"}' 
 </msg>
<msg time="2025-06-06T13:35:52.575827" level="INFO">POST Response : url=http://98.81.214.7:3000/usuarios 
 status=201, reason=Created 
 headers={'Access-Control-Allow-Origin': '*', 'x-dns-prefetch-control': 'off', 'x-frame-options': 'SAMEORIGIN', 'strict-transport-security': 'max-age=15552000; includeSubDomains', 'x-download-options': 'noopen', 'x-content-type-options': 'nosniff', 'x-xss-protection': '1; mode=block', 'Content-Type': 'application/json; charset=utf-8', 'Content-Length': '82', 'Date': 'Fri, 06 Jun 2025 16:35:52 GMT', 'Connection': 'keep-alive', 'Keep-Alive': 'timeout=5'} 
 body={
    "message": "Cadastro realizado com sucesso",
    "_id": "YiMkQh2GWW6NQQRy"
} 
 </msg>
<msg time="2025-06-06T13:35:52.576074" level="INFO">${response} = &lt;Response [201]&gt;</msg>
<var>${response}</var>
<arg>ServeRestUserSessionHotmail</arg>
<arg>${FULL_URL}</arg>
<arg>json=${user_payload}</arg>
<doc>Sends a POST request on a previously created HTTP Session.</doc>
<status status="PASS" start="2025-06-06T13:35:52.287086" elapsed="0.289048"/>
</kw>
<kw name="Log To Console" owner="BuiltIn">
<arg>Corpo da Resposta (Erro): ${response.json()}</arg>
<doc>Logs the given message to the console.</doc>
<status status="PASS" start="2025-06-06T13:35:52.576883" elapsed="0.001443"/>
</kw>
<kw name="Should Be Equal As Strings" owner="BuiltIn">
<msg time="2025-06-06T13:35:52.579970" level="INFO">Argument types are:
&lt;class 'int'&gt;
&lt;class 'str'&gt;</msg>
<msg time="2025-06-06T13:35:52.580181" level="FAIL">Status Code não foi 400 para email restrito (Hotmail).: 201 != 400</msg>
<arg>${response.status_code}</arg>
<arg>400</arg>
<arg>msg=Status Code não foi 400 para email restrito (Hotmail).</arg>
<doc>Fails if objects are unequal after converting them to strings.</doc>
<status status="FAIL" start="2025-06-06T13:35:52.578931" elapsed="0.001431">Status Code não foi 400 para email restrito (Hotmail).: 201 != 400</status>
</kw>
<kw name="Should Contain" owner="BuiltIn">
<arg>${response.json()['message']}</arg>
<arg>Email já cadastrado</arg>
<arg>msg=A mensagem de erro para email restrito (Hotmail) está incorreta.</arg>
<doc>Fails if ``container`` does not contain ``item`` one or more times.</doc>
<status status="NOT RUN" start="2025-06-06T13:35:52.581484" elapsed="0.000062"/>
</kw>
<tag>cadastro</tag>
<tag>email</tag>
<tag>negativo</tag>
<tag>restricao</tag>
<tag>usuario</tag>
<status status="FAIL" start="2025-06-06T13:35:52.282197" elapsed="0.300032">Status Code não foi 400 para email restrito (Hotmail).: 201 != 400</status>
</test>
<status status="FAIL" start="2025-06-06T13:35:51.659633" elapsed="0.924535"/>
</suite>
<statistics>
<total>
<stat pass="0" fail="2" skip="0">All Tests</stat>
</total>
<tag>
<stat pass="0" fail="2" skip="0">cadastro</stat>
<stat pass="0" fail="2" skip="0">email</stat>
<stat pass="0" fail="2" skip="0">negativo</stat>
<stat pass="0" fail="2" skip="0">restricao</stat>
<stat pass="0" fail="2" skip="0">usuario</stat>
</tag>
<suite>
<stat name="User Registration Tests" id="s1" pass="0" fail="2" skip="0">User Registration Tests</stat>
</suite>
</statistics>
<errors>
</errors>
</robot>
