<?xml version="1.0" encoding="UTF-8"?>
<robot generator="Robot 7.2.2 (Python 3.13.3 on win32)" generated="2025-06-06T11:27:26.795540" rpa="false" schemaversion="5">
<suite id="s1" name="Product Tests" source="C:\Users\Lucas\pb-compassuol\CompassUOL\Sprint6\Semana11\tests\product_tests.robot">
<test id="s1-t1" name="Cenario: Validar Cadastro De Produto Com Sucesso" line="14">
<kw name="Create Session" owner="RequestsLibrary">
<msg time="2025-06-06T11:27:27.409618" level="INFO">Creating Session using : alias=ServeRestSession, url=http://98.81.214.7:3000, headers={},                     cookies={}, auth=None, timeout=None, proxies=None, verify=False,                     debug=0 </msg>
<arg>ServeRestSession</arg>
<arg>${BASE_URL}</arg>
<doc>Create Session: create a HTTP session to a server</doc>
<status status="PASS" start="2025-06-06T11:27:27.409456" elapsed="0.000321"/>
</kw>
<kw name="Create Dictionary" owner="BuiltIn">
<msg time="2025-06-06T11:27:27.410335" level="INFO">${login_payload} = {'email': 'fulano@qa.com', 'password': 'teste'}</msg>
<var>${login_payload}</var>
<arg>email=fulano@qa.com</arg>
<arg>password=teste</arg>
<doc>Creates and returns a dictionary based on the given ``items``.</doc>
<status status="PASS" start="2025-06-06T11:27:27.410105" elapsed="0.000251"/>
</kw>
<kw name="POST On Session" owner="RequestsLibrary">
<msg time="2025-06-06T11:27:27.677396" level="INFO">POST Request : url=http://98.81.214.7:3000/login 
 path_url=/login 
 headers={'User-Agent': 'python-requests/2.32.3', 'Accept-Encoding': 'gzip, deflate', 'Accept': '*/*', 'Connection': 'keep-alive', 'Content-Length': '47', 'Content-Type': 'application/json'} 
 body=b'{"email": "fulano@qa.com", "password": "teste"}' 
 </msg>
<msg time="2025-06-06T11:27:27.677670" level="INFO">POST Response : url=http://98.81.214.7:3000/login 
 status=200, reason=OK 
 headers={'Access-Control-Allow-Origin': '*', 'x-dns-prefetch-control': 'off', 'x-frame-options': 'SAMEORIGIN', 'strict-transport-security': 'max-age=15552000; includeSubDomains', 'x-download-options': 'noopen', 'x-content-type-options': 'nosniff', 'x-xss-protection': '1; mode=block', 'Content-Type': 'application/json; charset=utf-8', 'Content-Length': '265', 'Date': 'Fri, 06 Jun 2025 14:27:27 GMT', 'Connection': 'keep-alive', 'Keep-Alive': 'timeout=5'} 
 body={
    "message": "Login realizado com sucesso",
    "authorization": "Bearer eyJhbGciOiJIUzI1NiIsInR5cCI6IkpXVCJ9.eyJlbWFpbCI6ImZ1bGFub0BxYS5jb20iLCJwYXNzd29yZCI6InRlc3RlIiwiaWF0IjoxNzQ5MjIwMDQ3LCJleHAiOjE3NDkyMjA2NDd9.WcXPdra2vMFwrKhQ2-7LG3_6HqfZ7FPeDWoQw1RyOM0"
} 
 </msg>
<msg time="2025-06-06T11:27:27.677943" level="INFO">${login_response} = &lt;Response [200]&gt;</msg>
<var>${login_response}</var>
<arg>ServeRestSession</arg>
<arg>${LOGIN_ENDPOINT}</arg>
<arg>json=${login_payload}</arg>
<doc>Sends a POST request on a previously created HTTP Session.</doc>
<status status="PASS" start="2025-06-06T11:27:27.410626" elapsed="0.267378"/>
</kw>
<kw name="Set Variable" owner="BuiltIn">
<msg time="2025-06-06T11:27:27.680509" level="INFO">${token} = Bearer eyJhbGciOiJIUzI1NiIsInR5cCI6IkpXVCJ9.eyJlbWFpbCI6ImZ1bGFub0BxYS5jb20iLCJwYXNzd29yZCI6InRlc3RlIiwiaWF0IjoxNzQ5MjIwMDQ3LCJleHAiOjE3NDkyMjA2NDd9.WcXPdra2vMFwrKhQ2-7LG3_6HqfZ7FPeDWoQw1RyOM0</msg>
<var>${token}</var>
<arg>${login_response.json()['authorization']}</arg>
<doc>Returns the given values which can then be assigned to a variables.</doc>
<status status="PASS" start="2025-06-06T11:27:27.678845" elapsed="0.001756"/>
</kw>
<kw name="Generate Random String" owner="String">
<msg time="2025-06-06T11:27:27.682000" level="INFO">${unique_product_name} = y4KxSy3kyZ</msg>
<var>${unique_product_name}</var>
<arg>10</arg>
<arg>[NUMBERS][LETTERS]</arg>
<doc>Generates a string with a desired ``length`` from the given ``chars``.</doc>
<status status="PASS" start="2025-06-06T11:27:27.681370" elapsed="0.000696"/>
</kw>
<kw name="Catenate" owner="BuiltIn">
<msg time="2025-06-06T11:27:27.683151" level="INFO">${unique_product_name} = Monitor Gamery4KxSy3kyZ</msg>
<var>${unique_product_name}</var>
<arg>SEPARATOR=</arg>
<arg>Monitor Gamer</arg>
<arg>${unique_product_name}</arg>
<doc>Catenates the given items together and returns the resulted string.</doc>
<status status="PASS" start="2025-06-06T11:27:27.682698" elapsed="0.000516"/>
</kw>
<kw name="Create Dictionary" owner="BuiltIn">
<msg time="2025-06-06T11:27:27.684376" level="INFO">${headers} = {'Authorization': 'Bearer eyJhbGciOiJIUzI1NiIsInR5cCI6IkpXVCJ9.eyJlbWFpbCI6ImZ1bGFub0BxYS5jb20iLCJwYXNzd29yZCI6InRlc3RlIiwiaWF0IjoxNzQ5MjIwMDQ3LCJleHAiOjE3NDkyMjA2NDd9.WcXPdra2vMFwrKhQ2-7LG3_6HqfZ7FPe...</msg>
<var>${headers}</var>
<arg>Authorization=${token}</arg>
<doc>Creates and returns a dictionary based on the given ``items``.</doc>
<status status="PASS" start="2025-06-06T11:27:27.683827" elapsed="0.000625"/>
</kw>
<kw name="Create Dictionary" owner="BuiltIn">
<msg time="2025-06-06T11:27:27.685659" level="INFO">${product_payload} = {'nome': 'Monitor Gamery4KxSy3kyZ', 'preco': '1499', 'descricao': 'Monitor gamer 27 polegadas, 144hz, 1ms, resolução Full HD.', 'quantidade': '10'}</msg>
<var>${product_payload}</var>
<arg>nome=${unique_product_name}</arg>
<arg>preco=1499</arg>
<arg>descricao=Monitor gamer 27 polegadas, 144hz, 1ms, resolução Full HD.</arg>
<arg>quantidade=10</arg>
<doc>Creates and returns a dictionary based on the given ``items``.</doc>
<status status="PASS" start="2025-06-06T11:27:27.685041" elapsed="0.000692"/>
</kw>
<kw name="POST On Session" owner="RequestsLibrary">
<msg time="2025-06-06T11:27:27.829559" level="INFO">POST Request : url=http://98.81.214.7:3000/produtos 
 path_url=/produtos 
 headers={'User-Agent': 'python-requests/2.32.3', 'Accept-Encoding': 'gzip, deflate', 'Accept': '*/*', 'Connection': 'keep-alive', 'Authorization': 'Bearer eyJhbGciOiJIUzI1NiIsInR5cCI6IkpXVCJ9.eyJlbWFpbCI6ImZ1bGFub0BxYS5jb20iLCJwYXNzd29yZCI6InRlc3RlIiwiaWF0IjoxNzQ5MjIwMDQ3LCJleHAiOjE3NDkyMjA2NDd9.WcXPdra2vMFwrKhQ2-7LG3_6HqfZ7FPeDWoQw1RyOM0', 'Content-Length': '157', 'Content-Type': 'application/json'} 
 body=b'{"nome": "Monitor Gamery4KxSy3kyZ", "preco": "1499", "descricao": "Monitor gamer 27 polegadas, 144hz, 1ms, resolu\\u00e7\\u00e3o Full HD.", "quantidade": "10"}' 
 </msg>
<msg time="2025-06-06T11:27:27.829746" level="INFO">POST Response : url=http://98.81.214.7:3000/produtos 
 status=201, reason=Created 
 headers={'Access-Control-Allow-Origin': '*', 'x-dns-prefetch-control': 'off', 'x-frame-options': 'SAMEORIGIN', 'strict-transport-security': 'max-age=15552000; includeSubDomains', 'x-download-options': 'noopen', 'x-content-type-options': 'nosniff', 'x-xss-protection': '1; mode=block', 'Content-Type': 'application/json; charset=utf-8', 'Content-Length': '82', 'Date': 'Fri, 06 Jun 2025 14:27:27 GMT', 'Connection': 'keep-alive', 'Keep-Alive': 'timeout=5'} 
 body={
    "message": "Cadastro realizado com sucesso",
    "_id": "qhaN7nZIl38lKtH0"
} 
 </msg>
<msg time="2025-06-06T11:27:27.830028" level="INFO">${response} = &lt;Response [201]&gt;</msg>
<var>${response}</var>
<arg>ServeRestSession</arg>
<arg>${PRODUCTS_ENDPOINT}</arg>
<arg>json=${product_payload}</arg>
<arg>headers=${headers}</arg>
<doc>Sends a POST request on a previously created HTTP Session.</doc>
<status status="PASS" start="2025-06-06T11:27:27.686359" elapsed="0.143743"/>
</kw>
<kw name="Should Be Equal As Strings" owner="BuiltIn">
<msg time="2025-06-06T11:27:27.832483" level="INFO">Argument types are:
&lt;class 'int'&gt;
&lt;class 'str'&gt;</msg>
<arg>${response.status_code}</arg>
<arg>201</arg>
<doc>Fails if objects are unequal after converting them to strings.</doc>
<status status="PASS" start="2025-06-06T11:27:27.831347" elapsed="0.001271"/>
</kw>
<kw name="Should Be Equal As Strings" owner="BuiltIn">
<arg>${response.json()['message']}</arg>
<arg>Cadastro realizado com sucesso</arg>
<doc>Fails if objects are unequal after converting them to strings.</doc>
<status status="PASS" start="2025-06-06T11:27:27.833252" elapsed="0.001083"/>
</kw>
<kw name="Should Contain" owner="BuiltIn">
<arg>${response.json()}</arg>
<arg>_id</arg>
<doc>Fails if ``container`` does not contain ``item`` one or more times.</doc>
<status status="PASS" start="2025-06-06T11:27:27.834921" elapsed="0.001115"/>
</kw>
<kw name="Set Test Variable" owner="BuiltIn">
<msg time="2025-06-06T11:27:27.837793" level="INFO">${PRODUTO_ID} = qhaN7nZIl38lKtH0</msg>
<arg>${PRODUTO_ID}</arg>
<arg>${response.json()['_id']}</arg>
<doc>Makes a variable available everywhere within the scope of the current test.</doc>
<status status="PASS" start="2025-06-06T11:27:27.836947" elapsed="0.000877"/>
</kw>
<kw name="Set Test Variable" owner="BuiltIn">
<msg time="2025-06-06T11:27:27.838557" level="INFO">${PRODUTO_NOME} = Monitor Gamery4KxSy3kyZ</msg>
<arg>${PRODUTO_NOME}</arg>
<arg>${unique_product_name}</arg>
<doc>Makes a variable available everywhere within the scope of the current test.</doc>
<status status="PASS" start="2025-06-06T11:27:27.838117" elapsed="0.000468"/>
</kw>
<status status="PASS" start="2025-06-06T11:27:27.408429" elapsed="0.430426"/>
</test>
<test id="s1-t2" name="Cenario: Cadastrar Produto Com Nome Duplicado" line="41">
<kw name="Create Session" owner="RequestsLibrary">
<msg time="2025-06-06T11:27:27.840109" level="INFO">Creating Session using : alias=ServeRestSession, url=http://98.81.214.7:3000, headers={},                     cookies={}, auth=None, timeout=None, proxies=None, verify=False,                     debug=0 </msg>
<arg>ServeRestSession</arg>
<arg>${BASE_URL}</arg>
<arg>verify=False</arg>
<doc>Create Session: create a HTTP session to a server</doc>
<status status="PASS" start="2025-06-06T11:27:27.839910" elapsed="0.000353"/>
</kw>
<kw name="Create Dictionary" owner="BuiltIn">
<msg time="2025-06-06T11:27:27.840804" level="INFO">${login_payload} = {'email': 'fulano@qa.com', 'password': 'teste'}</msg>
<var>${login_payload}</var>
<arg>email=fulano@qa.com</arg>
<arg>password=teste</arg>
<doc>Creates and returns a dictionary based on the given ``items``.</doc>
<status status="PASS" start="2025-06-06T11:27:27.840601" elapsed="0.000232"/>
</kw>
<kw name="POST On Session" owner="RequestsLibrary">
<msg time="2025-06-06T11:27:28.126496" level="INFO">POST Request : url=http://98.81.214.7:3000/login 
 path_url=/login 
 headers={'User-Agent': 'python-requests/2.32.3', 'Accept-Encoding': 'gzip, deflate', 'Accept': '*/*', 'Connection': 'keep-alive', 'Content-Length': '47', 'Content-Type': 'application/json'} 
 body=b'{"email": "fulano@qa.com", "password": "teste"}' 
 </msg>
<msg time="2025-06-06T11:27:28.126611" level="INFO">POST Response : url=http://98.81.214.7:3000/login 
 status=200, reason=OK 
 headers={'Access-Control-Allow-Origin': '*', 'x-dns-prefetch-control': 'off', 'x-frame-options': 'SAMEORIGIN', 'strict-transport-security': 'max-age=15552000; includeSubDomains', 'x-download-options': 'noopen', 'x-content-type-options': 'nosniff', 'x-xss-protection': '1; mode=block', 'Content-Type': 'application/json; charset=utf-8', 'Content-Length': '265', 'Date': 'Fri, 06 Jun 2025 14:27:28 GMT', 'Connection': 'keep-alive', 'Keep-Alive': 'timeout=5'} 
 body={
    "message": "Login realizado com sucesso",
    "authorization": "Bearer eyJhbGciOiJIUzI1NiIsInR5cCI6IkpXVCJ9.eyJlbWFpbCI6ImZ1bGFub0BxYS5jb20iLCJwYXNzd29yZCI6InRlc3RlIiwiaWF0IjoxNzQ5MjIwMDQ4LCJleHAiOjE3NDkyMjA2NDh9.pnVWeyuRYQyRYv-3EnW5Wzq-ygYfkRM6-uYAO6g1b3M"
} 
 </msg>
<msg time="2025-06-06T11:27:28.126777" level="INFO">${login_response} = &lt;Response [200]&gt;</msg>
<var>${login_response}</var>
<arg>ServeRestSession</arg>
<arg>${LOGIN_ENDPOINT}</arg>
<arg>json=${login_payload}</arg>
<doc>Sends a POST request on a previously created HTTP Session.</doc>
<status status="PASS" start="2025-06-06T11:27:27.841173" elapsed="0.285640"/>
</kw>
<kw name="Set Variable" owner="BuiltIn">
<msg time="2025-06-06T11:27:28.127967" level="INFO">${token} = Bearer eyJhbGciOiJIUzI1NiIsInR5cCI6IkpXVCJ9.eyJlbWFpbCI6ImZ1bGFub0BxYS5jb20iLCJwYXNzd29yZCI6InRlc3RlIiwiaWF0IjoxNzQ5MjIwMDQ4LCJleHAiOjE3NDkyMjA2NDh9.pnVWeyuRYQyRYv-3EnW5Wzq-ygYfkRM6-uYAO6g1b3M</msg>
<var>${token}</var>
<arg>${login_response.json()['authorization']}</arg>
<doc>Returns the given values which can then be assigned to a variables.</doc>
<status status="PASS" start="2025-06-06T11:27:28.127279" elapsed="0.000729"/>
</kw>
<kw name="Word" owner="FakerLibrary">
<msg time="2025-06-06T11:27:28.128723" level="INFO">${nome_produto} = six</msg>
<var>${nome_produto}</var>
<doc>Generate a word.</doc>
<status status="PASS" start="2025-06-06T11:27:28.128451" elapsed="0.000310"/>
</kw>
<kw name="Create Dictionary" owner="BuiltIn">
<msg time="2025-06-06T11:27:28.129500" level="INFO">${headers} = {'Authorization': 'Bearer eyJhbGciOiJIUzI1NiIsInR5cCI6IkpXVCJ9.eyJlbWFpbCI6ImZ1bGFub0BxYS5jb20iLCJwYXNzd29yZCI6InRlc3RlIiwiaWF0IjoxNzQ5MjIwMDQ4LCJleHAiOjE3NDkyMjA2NDh9.pnVWeyuRYQyRYv-3EnW5Wzq-ygYfkRM6...</msg>
<var>${headers}</var>
<arg>Authorization=${token}</arg>
<doc>Creates and returns a dictionary based on the given ``items``.</doc>
<status status="PASS" start="2025-06-06T11:27:28.129130" elapsed="0.000394"/>
</kw>
<kw name="Create Dictionary" owner="BuiltIn">
<msg time="2025-06-06T11:27:28.129967" level="INFO">${produto_payload} = {'nome': 'six', 'preco': '999', 'descricao': 'Produto teste para duplicação', 'quantidade': '5'}</msg>
<var>${produto_payload}</var>
<arg>nome=${nome_produto}</arg>
<arg>preco=999</arg>
<arg>descricao=Produto teste para duplicação</arg>
<arg>quantidade=5</arg>
<doc>Creates and returns a dictionary based on the given ``items``.</doc>
<status status="PASS" start="2025-06-06T11:27:28.129758" elapsed="0.000231"/>
</kw>
<kw name="POST On Session" owner="RequestsLibrary">
<msg time="2025-06-06T11:27:28.281107" level="INFO">POST Request : url=http://98.81.214.7:3000/produtos 
 path_url=/produtos 
 headers={'User-Agent': 'python-requests/2.32.3', 'Accept-Encoding': 'gzip, deflate', 'Accept': '*/*', 'Connection': 'keep-alive', 'Authorization': 'Bearer eyJhbGciOiJIUzI1NiIsInR5cCI6IkpXVCJ9.eyJlbWFpbCI6ImZ1bGFub0BxYS5jb20iLCJwYXNzd29yZCI6InRlc3RlIiwiaWF0IjoxNzQ5MjIwMDQ4LCJleHAiOjE3NDkyMjA2NDh9.pnVWeyuRYQyRYv-3EnW5Wzq-ygYfkRM6-uYAO6g1b3M', 'Content-Length': '106', 'Content-Type': 'application/json'} 
 body=b'{"nome": "six", "preco": "999", "descricao": "Produto teste para duplica\\u00e7\\u00e3o", "quantidade": "5"}' 
 </msg>
<msg time="2025-06-06T11:27:28.281303" level="INFO">POST Response : url=http://98.81.214.7:3000/produtos 
 status=201, reason=Created 
 headers={'Access-Control-Allow-Origin': '*', 'x-dns-prefetch-control': 'off', 'x-frame-options': 'SAMEORIGIN', 'strict-transport-security': 'max-age=15552000; includeSubDomains', 'x-download-options': 'noopen', 'x-content-type-options': 'nosniff', 'x-xss-protection': '1; mode=block', 'Content-Type': 'application/json; charset=utf-8', 'Content-Length': '82', 'Date': 'Fri, 06 Jun 2025 14:27:28 GMT', 'Connection': 'keep-alive', 'Keep-Alive': 'timeout=5'} 
 body={
    "message": "Cadastro realizado com sucesso",
    "_id": "I6wmPNMrigAjvHio"
} 
 </msg>
<msg time="2025-06-06T11:27:28.281584" level="INFO">${response} = &lt;Response [201]&gt;</msg>
<var>${response}</var>
<arg>ServeRestSession</arg>
<arg>${PRODUCTS_ENDPOINT}</arg>
<arg>json=${produto_payload}</arg>
<arg>headers=${headers}</arg>
<doc>Sends a POST request on a previously created HTTP Session.</doc>
<status status="PASS" start="2025-06-06T11:27:28.130231" elapsed="0.151443"/>
</kw>
<kw name="Should Be Equal As Strings" owner="BuiltIn">
<msg time="2025-06-06T11:27:28.283827" level="INFO">Argument types are:
&lt;class 'int'&gt;
&lt;class 'str'&gt;</msg>
<arg>${response.status_code}</arg>
<arg>201</arg>
<doc>Fails if objects are unequal after converting them to strings.</doc>
<status status="PASS" start="2025-06-06T11:27:28.282677" elapsed="0.001287"/>
</kw>
<kw name="POST On Session" owner="RequestsLibrary">
<msg time="2025-06-06T11:27:28.430835" level="INFO">POST Request : url=http://98.81.214.7:3000/produtos 
 path_url=/produtos 
 headers={'User-Agent': 'python-requests/2.32.3', 'Accept-Encoding': 'gzip, deflate', 'Accept': '*/*', 'Connection': 'keep-alive', 'Authorization': 'Bearer eyJhbGciOiJIUzI1NiIsInR5cCI6IkpXVCJ9.eyJlbWFpbCI6ImZ1bGFub0BxYS5jb20iLCJwYXNzd29yZCI6InRlc3RlIiwiaWF0IjoxNzQ5MjIwMDQ4LCJleHAiOjE3NDkyMjA2NDh9.pnVWeyuRYQyRYv-3EnW5Wzq-ygYfkRM6-uYAO6g1b3M', 'Content-Length': '106', 'Content-Type': 'application/json'} 
 body=b'{"nome": "six", "preco": "999", "descricao": "Produto teste para duplica\\u00e7\\u00e3o", "quantidade": "5"}' 
 </msg>
<msg time="2025-06-06T11:27:28.431224" level="INFO">POST Response : url=http://98.81.214.7:3000/produtos 
 status=400, reason=Bad Request 
 headers={'Access-Control-Allow-Origin': '*', 'x-dns-prefetch-control': 'off', 'x-frame-options': 'SAMEORIGIN', 'strict-transport-security': 'max-age=15552000; includeSubDomains', 'x-download-options': 'noopen', 'x-content-type-options': 'nosniff', 'x-xss-protection': '1; mode=block', 'Content-Type': 'application/json; charset=utf-8', 'Content-Length': '53', 'Date': 'Fri, 06 Jun 2025 14:27:28 GMT', 'Connection': 'keep-alive', 'Keep-Alive': 'timeout=5'} 
 body={
    "message": "Já existe produto com esse nome"
} 
 </msg>
<msg time="2025-06-06T11:27:28.431526" level="INFO">${response_duplicado} = &lt;Response [400]&gt;</msg>
<var>${response_duplicado}</var>
<arg>ServeRestSession</arg>
<arg>${PRODUCTS_ENDPOINT}</arg>
<arg>json=${produto_payload}</arg>
<arg>headers=${headers}</arg>
<arg>expected_status=400</arg>
<doc>Sends a POST request on a previously created HTTP Session.</doc>
<status status="PASS" start="2025-06-06T11:27:28.285109" elapsed="0.146485"/>
</kw>
<kw name="Should Be Equal As Strings" owner="BuiltIn">
<msg time="2025-06-06T11:27:28.433384" level="INFO">Argument types are:
&lt;class 'int'&gt;
&lt;class 'str'&gt;</msg>
<arg>${response_duplicado.status_code}</arg>
<arg>400</arg>
<doc>Fails if objects are unequal after converting them to strings.</doc>
<status status="PASS" start="2025-06-06T11:27:28.432353" elapsed="0.001153"/>
</kw>
<kw name="Should Be Equal As Strings" owner="BuiltIn">
<arg>${response_duplicado.json()['message']}</arg>
<arg>Já existe produto com esse nome</arg>
<doc>Fails if objects are unequal after converting them to strings.</doc>
<status status="PASS" start="2025-06-06T11:27:28.434117" elapsed="0.001100"/>
</kw>
<status status="PASS" start="2025-06-06T11:27:27.839446" elapsed="0.596355"/>
</test>
<test id="s1-t3" name="Cenario: Criar Carrinho Com Produto Valido" line="65">
<kw name="Create Session" owner="RequestsLibrary">
<msg time="2025-06-06T11:27:28.438222" level="INFO">Creating Session using : alias=ServeRestSession, url=http://98.81.214.7:3000, headers={},                     cookies={}, auth=None, timeout=None, proxies=None, verify=False,                     debug=0 </msg>
<arg>ServeRestSession</arg>
<arg>${BASE_URL}</arg>
<arg>verify=False</arg>
<doc>Create Session: create a HTTP session to a server</doc>
<status status="PASS" start="2025-06-06T11:27:28.437894" elapsed="0.000574"/>
</kw>
<kw name="Create Dictionary" owner="BuiltIn">
<msg time="2025-06-06T11:27:28.439342" level="INFO">${login_payload} = {'email': 'fulano@qa.com', 'password': 'teste'}</msg>
<var>${login_payload}</var>
<arg>email=fulano@qa.com</arg>
<arg>password=teste</arg>
<doc>Creates and returns a dictionary based on the given ``items``.</doc>
<status status="PASS" start="2025-06-06T11:27:28.439007" elapsed="0.000384"/>
</kw>
<kw name="POST On Session" owner="RequestsLibrary">
<msg time="2025-06-06T11:27:28.699580" level="INFO">POST Request : url=http://98.81.214.7:3000/login 
 path_url=/login 
 headers={'User-Agent': 'python-requests/2.32.3', 'Accept-Encoding': 'gzip, deflate', 'Accept': '*/*', 'Connection': 'keep-alive', 'Content-Length': '47', 'Content-Type': 'application/json'} 
 body=b'{"email": "fulano@qa.com", "password": "teste"}' 
 </msg>
<msg time="2025-06-06T11:27:28.699714" level="INFO">POST Response : url=http://98.81.214.7:3000/login 
 status=200, reason=OK 
 headers={'Access-Control-Allow-Origin': '*', 'x-dns-prefetch-control': 'off', 'x-frame-options': 'SAMEORIGIN', 'strict-transport-security': 'max-age=15552000; includeSubDomains', 'x-download-options': 'noopen', 'x-content-type-options': 'nosniff', 'x-xss-protection': '1; mode=block', 'Content-Type': 'application/json; charset=utf-8', 'Content-Length': '265', 'Date': 'Fri, 06 Jun 2025 14:27:28 GMT', 'Connection': 'keep-alive', 'Keep-Alive': 'timeout=5'} 
 body={
    "message": "Login realizado com sucesso",
    "authorization": "Bearer eyJhbGciOiJIUzI1NiIsInR5cCI6IkpXVCJ9.eyJlbWFpbCI6ImZ1bGFub0BxYS5jb20iLCJwYXNzd29yZCI6InRlc3RlIiwiaWF0IjoxNzQ5MjIwMDQ4LCJleHAiOjE3NDkyMjA2NDh9.pnVWeyuRYQyRYv-3EnW5Wzq-ygYfkRM6-uYAO6g1b3M"
} 
 </msg>
<msg time="2025-06-06T11:27:28.699895" level="INFO">${login_response} = &lt;Response [200]&gt;</msg>
<var>${login_response}</var>
<arg>ServeRestSession</arg>
<arg>${LOGIN_ENDPOINT}</arg>
<arg>json=${login_payload}</arg>
<doc>Sends a POST request on a previously created HTTP Session.</doc>
<status status="PASS" start="2025-06-06T11:27:28.439859" elapsed="0.260095"/>
</kw>
<kw name="Set Variable" owner="BuiltIn">
<msg time="2025-06-06T11:27:28.701487" level="INFO">${token} = Bearer eyJhbGciOiJIUzI1NiIsInR5cCI6IkpXVCJ9.eyJlbWFpbCI6ImZ1bGFub0BxYS5jb20iLCJwYXNzd29yZCI6InRlc3RlIiwiaWF0IjoxNzQ5MjIwMDQ4LCJleHAiOjE3NDkyMjA2NDh9.pnVWeyuRYQyRYv-3EnW5Wzq-ygYfkRM6-uYAO6g1b3M</msg>
<var>${token}</var>
<arg>${login_response.json()['authorization']}</arg>
<doc>Returns the given values which can then be assigned to a variables.</doc>
<status status="PASS" start="2025-06-06T11:27:28.700605" elapsed="0.000922"/>
</kw>
<kw name="Generate Random String" owner="String">
<msg time="2025-06-06T11:27:28.702303" level="INFO">${unique_product_name} = tQxVxXapVB</msg>
<var>${unique_product_name}</var>
<arg>10</arg>
<arg>[NUMBERS][LETTERS]</arg>
<doc>Generates a string with a desired ``length`` from the given ``chars``.</doc>
<status status="PASS" start="2025-06-06T11:27:28.701941" elapsed="0.000402"/>
</kw>
<kw name="Create Dictionary" owner="BuiltIn">
<msg time="2025-06-06T11:27:28.703056" level="INFO">${headers} = {'Authorization': 'Bearer eyJhbGciOiJIUzI1NiIsInR5cCI6IkpXVCJ9.eyJlbWFpbCI6ImZ1bGFub0BxYS5jb20iLCJwYXNzd29yZCI6InRlc3RlIiwiaWF0IjoxNzQ5MjIwMDQ4LCJleHAiOjE3NDkyMjA2NDh9.pnVWeyuRYQyRYv-3EnW5Wzq-ygYfkRM6...</msg>
<var>${headers}</var>
<arg>Authorization=${token}</arg>
<doc>Creates and returns a dictionary based on the given ``items``.</doc>
<status status="PASS" start="2025-06-06T11:27:28.702723" elapsed="0.000374"/>
</kw>
<kw name="Create Dictionary" owner="BuiltIn">
<msg time="2025-06-06T11:27:28.704370" level="INFO">${product_payload} = {'nome': 'Produto tQxVxXapVB', 'preco': '100', 'descricao': 'Produto para teste de carrinho', 'quantidade': '50'}</msg>
<var>${product_payload}</var>
<arg>nome=Produto ${unique_product_name}</arg>
<arg>preco=100</arg>
<arg>descricao=Produto para teste de carrinho</arg>
<arg>quantidade=50</arg>
<doc>Creates and returns a dictionary based on the given ``items``.</doc>
<status status="PASS" start="2025-06-06T11:27:28.703536" elapsed="0.000920"/>
</kw>
<kw name="POST On Session" owner="RequestsLibrary">
<msg time="2025-06-06T11:27:28.847399" level="INFO">POST Request : url=http://98.81.214.7:3000/produtos 
 path_url=/produtos 
 headers={'User-Agent': 'python-requests/2.32.3', 'Accept-Encoding': 'gzip, deflate', 'Accept': '*/*', 'Connection': 'keep-alive', 'Authorization': 'Bearer eyJhbGciOiJIUzI1NiIsInR5cCI6IkpXVCJ9.eyJlbWFpbCI6ImZ1bGFub0BxYS5jb20iLCJwYXNzd29yZCI6InRlc3RlIiwiaWF0IjoxNzQ5MjIwMDQ4LCJleHAiOjE3NDkyMjA2NDh9.pnVWeyuRYQyRYv-3EnW5Wzq-ygYfkRM6-uYAO6g1b3M', 'Content-Length': '113', 'Content-Type': 'application/json'} 
 body=b'{"nome": "Produto tQxVxXapVB", "preco": "100", "descricao": "Produto para teste de carrinho", "quantidade": "50"}' 
 </msg>
<msg time="2025-06-06T11:27:28.847513" level="INFO">POST Response : url=http://98.81.214.7:3000/produtos 
 status=201, reason=Created 
 headers={'Access-Control-Allow-Origin': '*', 'x-dns-prefetch-control': 'off', 'x-frame-options': 'SAMEORIGIN', 'strict-transport-security': 'max-age=15552000; includeSubDomains', 'x-download-options': 'noopen', 'x-content-type-options': 'nosniff', 'x-xss-protection': '1; mode=block', 'Content-Type': 'application/json; charset=utf-8', 'Content-Length': '82', 'Date': 'Fri, 06 Jun 2025 14:27:28 GMT', 'Connection': 'keep-alive', 'Keep-Alive': 'timeout=5'} 
 body={
    "message": "Cadastro realizado com sucesso",
    "_id": "GTNwfyIJKI5xiF8y"
} 
 </msg>
<msg time="2025-06-06T11:27:28.847763" level="INFO">${response_product} = &lt;Response [201]&gt;</msg>
<var>${response_product}</var>
<arg>ServeRestSession</arg>
<arg>${PRODUCTS_ENDPOINT}</arg>
<arg>json=${product_payload}</arg>
<arg>headers=${headers}</arg>
<doc>Sends a POST request on a previously created HTTP Session.</doc>
<status status="PASS" start="2025-06-06T11:27:28.704903" elapsed="0.143051"/>
</kw>
<kw name="Set Variable" owner="BuiltIn">
<msg time="2025-06-06T11:27:28.849567" level="INFO">${produto_id} = GTNwfyIJKI5xiF8y</msg>
<var>${produto_id}</var>
<arg>${response_product.json()['_id']}</arg>
<doc>Returns the given values which can then be assigned to a variables.</doc>
<status status="PASS" start="2025-06-06T11:27:28.848759" elapsed="0.000852"/>
</kw>
<kw name="Create Dictionary" owner="BuiltIn">
<msg time="2025-06-06T11:27:28.850480" level="INFO">${produto_dict} = {'idProduto': 'GTNwfyIJKI5xiF8y', 'quantidade': '1'}</msg>
<var>${produto_dict}</var>
<arg>idProduto=${produto_id}</arg>
<arg>quantidade=1</arg>
<doc>Creates and returns a dictionary based on the given ``items``.</doc>
<status status="PASS" start="2025-06-06T11:27:28.850219" elapsed="0.000289"/>
</kw>
<kw name="Create List" owner="BuiltIn">
<msg time="2025-06-06T11:27:28.851126" level="INFO">${produtos_list} = [{'idProduto': 'GTNwfyIJKI5xiF8y', 'quantidade': '1'}]</msg>
<var>${produtos_list}</var>
<arg>${produto_dict}</arg>
<doc>Returns a list containing given items.</doc>
<status status="PASS" start="2025-06-06T11:27:28.850864" elapsed="0.000303"/>
</kw>
<kw name="Create Dictionary" owner="BuiltIn">
<msg time="2025-06-06T11:27:28.851909" level="INFO">${cart_payload} = {'produtos': [{'idProduto': 'GTNwfyIJKI5xiF8y', 'quantidade': '1'}]}</msg>
<var>${cart_payload}</var>
<arg>produtos=${produtos_list}</arg>
<doc>Creates and returns a dictionary based on the given ``items``.</doc>
<status status="PASS" start="2025-06-06T11:27:28.851563" elapsed="0.000388"/>
</kw>
<kw name="Run Keyword And Ignore Error" owner="BuiltIn">
<kw name="DELETE On Session" owner="RequestsLibrary">
<msg time="2025-06-06T11:27:28.987488" level="INFO">DELETE Request : url=http://98.81.214.7:3000/carrinhos/cancelar-compra 
 path_url=/carrinhos/cancelar-compra 
 headers={'User-Agent': 'python-requests/2.32.3', 'Accept-Encoding': 'gzip, deflate', 'Accept': '*/*', 'Connection': 'keep-alive', 'Authorization': 'Bearer eyJhbGciOiJIUzI1NiIsInR5cCI6IkpXVCJ9.eyJlbWFpbCI6ImZ1bGFub0BxYS5jb20iLCJwYXNzd29yZCI6InRlc3RlIiwiaWF0IjoxNzQ5MjIwMDQ4LCJleHAiOjE3NDkyMjA2NDh9.pnVWeyuRYQyRYv-3EnW5Wzq-ygYfkRM6-uYAO6g1b3M', 'Content-Length': '0'} 
 body=None 
 </msg>
<msg time="2025-06-06T11:27:28.987704" level="INFO">DELETE Response : url=http://98.81.214.7:3000/carrinhos/cancelar-compra 
 status=200, reason=OK 
 headers={'Access-Control-Allow-Origin': '*', 'x-dns-prefetch-control': 'off', 'x-frame-options': 'SAMEORIGIN', 'strict-transport-security': 'max-age=15552000; includeSubDomains', 'x-download-options': 'noopen', 'x-content-type-options': 'nosniff', 'x-xss-protection': '1; mode=block', 'Content-Type': 'application/json; charset=utf-8', 'Content-Length': '86', 'Date': 'Fri, 06 Jun 2025 14:27:28 GMT', 'Connection': 'keep-alive', 'Keep-Alive': 'timeout=5'} 
 body={
    "message": "Registro excluído com sucesso. Estoque dos produtos reabastecido"
} 
 </msg>
<arg>ServeRestSession</arg>
<arg>${CARTS_ENDPOINT}/cancelar-compra</arg>
<arg>headers=${headers}</arg>
<doc>Sends a DELETE request on a previously created HTTP Session.</doc>
<status status="PASS" start="2025-06-06T11:27:28.852577" elapsed="0.135295"/>
</kw>
<arg>DELETE On Session</arg>
<arg>ServeRestSession</arg>
<arg>${CARTS_ENDPOINT}/cancelar-compra</arg>
<arg>headers=${headers}</arg>
<doc>Runs the given keyword with the given arguments and ignores possible error.</doc>
<status status="PASS" start="2025-06-06T11:27:28.852367" elapsed="0.135657"/>
</kw>
<kw name="Sleep" owner="BuiltIn">
<msg time="2025-06-06T11:27:29.993197" level="INFO">Slept 1 second.</msg>
<arg>1s</arg>
<doc>Pauses the test executed for the given time.</doc>
<status status="PASS" start="2025-06-06T11:27:28.988478" elapsed="1.004941"/>
</kw>
<kw name="POST On Session" owner="RequestsLibrary">
<msg time="2025-06-06T11:27:30.138849" level="INFO">POST Request : url=http://98.81.214.7:3000/carrinhos 
 path_url=/carrinhos 
 headers={'User-Agent': 'python-requests/2.32.3', 'Accept-Encoding': 'gzip, deflate', 'Accept': '*/*', 'Connection': 'keep-alive', 'Authorization': 'Bearer eyJhbGciOiJIUzI1NiIsInR5cCI6IkpXVCJ9.eyJlbWFpbCI6ImZ1bGFub0BxYS5jb20iLCJwYXNzd29yZCI6InRlc3RlIiwiaWF0IjoxNzQ5MjIwMDQ4LCJleHAiOjE3NDkyMjA2NDh9.pnVWeyuRYQyRYv-3EnW5Wzq-ygYfkRM6-uYAO6g1b3M', 'Content-Length': '68', 'Content-Type': 'application/json'} 
 body=b'{"produtos": [{"idProduto": "GTNwfyIJKI5xiF8y", "quantidade": "1"}]}' 
 </msg>
<msg time="2025-06-06T11:27:30.139048" level="INFO">POST Response : url=http://98.81.214.7:3000/carrinhos 
 status=201, reason=Created 
 headers={'Access-Control-Allow-Origin': '*', 'x-dns-prefetch-control': 'off', 'x-frame-options': 'SAMEORIGIN', 'strict-transport-security': 'max-age=15552000; includeSubDomains', 'x-download-options': 'noopen', 'x-content-type-options': 'nosniff', 'x-xss-protection': '1; mode=block', 'Content-Type': 'application/json; charset=utf-8', 'Content-Length': '82', 'Date': 'Fri, 06 Jun 2025 14:27:30 GMT', 'Connection': 'keep-alive', 'Keep-Alive': 'timeout=5'} 
 body={
    "message": "Cadastro realizado com sucesso",
    "_id": "gepUGe8xCW2umGCn"
} 
 </msg>
<msg time="2025-06-06T11:27:30.139319" level="INFO">${response_cart} = &lt;Response [201]&gt;</msg>
<var>${response_cart}</var>
<arg>ServeRestSession</arg>
<arg>${CARTS_ENDPOINT}</arg>
<arg>json=${cart_payload}</arg>
<arg>headers=${headers}</arg>
<arg>expected_status=anything</arg>
<doc>Sends a POST request on a previously created HTTP Session.</doc>
<status status="PASS" start="2025-06-06T11:27:29.994207" elapsed="0.145171"/>
</kw>
<kw name="Log" owner="BuiltIn">
<msg time="2025-06-06T11:27:30.141274" level="INFO">Resposta do carrinho: {
    "message": "Cadastro realizado com sucesso",
    "_id": "gepUGe8xCW2umGCn"
}</msg>
<arg>Resposta do carrinho: ${response_cart.text}</arg>
<doc>Logs the given message with the given level.</doc>
<status status="PASS" start="2025-06-06T11:27:30.140133" elapsed="0.001249"/>
</kw>
<kw name="Should Be Equal As Strings" owner="BuiltIn">
<msg time="2025-06-06T11:27:30.142980" level="INFO">Argument types are:
&lt;class 'int'&gt;
&lt;class 'str'&gt;</msg>
<arg>${response_cart.status_code}</arg>
<arg>201</arg>
<doc>Fails if objects are unequal after converting them to strings.</doc>
<status status="PASS" start="2025-06-06T11:27:30.141940" elapsed="0.001169"/>
</kw>
<status status="PASS" start="2025-06-06T11:27:28.437122" elapsed="1.706993"/>
</test>
<status status="PASS" start="2025-06-06T11:27:26.797020" elapsed="3.348930"/>
</suite>
<statistics>
<total>
<stat pass="3" fail="0" skip="0">All Tests</stat>
</total>
<tag>
</tag>
<suite>
<stat name="Product Tests" id="s1" pass="3" fail="0" skip="0">Product Tests</stat>
</suite>
</statistics>
<errors>
</errors>
</robot>
