<?xml version="1.0" encoding="UTF-8"?>
<robot generator="Robot 7.2.2 (Python 3.13.3 on win32)" generated="2025-06-06T14:08:42.827107" rpa="false" schemaversion="5">
<suite id="s1" name="Tests" source="C:\Users\Lucas\pb-compassuol\CompassUOL\Sprint6\Semana11\tests">
<suite id="s1-s1" name="Login Tests" source="C:\Users\Lucas\pb-compassuol\CompassUOL\Sprint6\Semana11\tests\login_tests.robot">
<test id="s1-s1-t1" name="Cenario: Login Com Credenciais Validas" line="10">
<kw name="Create Session" owner="RequestsLibrary">
<msg time="2025-06-06T14:08:43.151672" level="INFO">Creating Session using : alias=ServeRestSession, url=http://98.81.214.7:3000, headers={},                     cookies={}, auth=None, timeout=None, proxies=None, verify=False,                     debug=0 </msg>
<arg>ServeRestSession</arg>
<arg>${BASE_URL}</arg>
<doc>Create Session: create a HTTP session to a server</doc>
<status status="PASS" start="2025-06-06T14:08:43.151523" elapsed="0.000314"/>
</kw>
<kw name="Create Dictionary" owner="BuiltIn">
<msg time="2025-06-06T14:08:43.152390" level="INFO">${payload} = {'email': 'fulano@qa.com', 'password': 'teste'}</msg>
<var>${payload}</var>
<arg>email=fulano@qa.com</arg>
<arg>password=teste</arg>
<doc>Creates and returns a dictionary based on the given ``items``.</doc>
<status status="PASS" start="2025-06-06T14:08:43.152165" elapsed="0.000246"/>
</kw>
<kw name="POST On Session" owner="RequestsLibrary">
<msg time="2025-06-06T14:08:43.453043" level="INFO">POST Request : url=http://98.81.214.7:3000/login 
 path_url=/login 
 headers={'User-Agent': 'python-requests/2.32.3', 'Accept-Encoding': 'gzip, deflate', 'Accept': '*/*', 'Connection': 'keep-alive', 'Content-Length': '47', 'Content-Type': 'application/json'} 
 body=b'{"email": "fulano@qa.com", "password": "teste"}' 
 </msg>
<msg time="2025-06-06T14:08:43.453322" level="INFO">POST Response : url=http://98.81.214.7:3000/login 
 status=200, reason=OK 
 headers={'Access-Control-Allow-Origin': '*', 'x-dns-prefetch-control': 'off', 'x-frame-options': 'SAMEORIGIN', 'strict-transport-security': 'max-age=15552000; includeSubDomains', 'x-download-options': 'noopen', 'x-content-type-options': 'nosniff', 'x-xss-protection': '1; mode=block', 'Content-Type': 'application/json; charset=utf-8', 'Content-Length': '265', 'Date': 'Fri, 06 Jun 2025 17:08:43 GMT', 'Connection': 'keep-alive', 'Keep-Alive': 'timeout=5'} 
 body={
    "message": "Login realizado com sucesso",
    "authorization": "Bearer eyJhbGciOiJIUzI1NiIsInR5cCI6IkpXVCJ9.eyJlbWFpbCI6ImZ1bGFub0BxYS5jb20iLCJwYXNzd29yZCI6InRlc3RlIiwiaWF0IjoxNzQ5MjI5NzIzLCJleHAiOjE3NDkyMzAzMjN9.Z-GaGt8dWdvU40wjTP0D1tWq4yoxjSy-C72yw8Xbt_k"
} 
 </msg>
<msg time="2025-06-06T14:08:43.453610" level="INFO">${response} = &lt;Response [200]&gt;</msg>
<var>${response}</var>
<arg>ServeRestSession</arg>
<arg>${LOGIN_ENDPOINT}</arg>
<arg>json=${payload}</arg>
<doc>Sends a POST request on a previously created HTTP Session.</doc>
<status status="PASS" start="2025-06-06T14:08:43.152689" elapsed="0.300989"/>
</kw>
<kw name="Should Be Equal As Strings" owner="BuiltIn">
<msg time="2025-06-06T14:08:43.456262" level="INFO">Argument types are:
&lt;class 'int'&gt;
&lt;class 'str'&gt;</msg>
<arg>${response.status_code}</arg>
<arg>200</arg>
<doc>Fails if objects are unequal after converting them to strings.</doc>
<status status="PASS" start="2025-06-06T14:08:43.454461" elapsed="0.001948"/>
</kw>
<kw name="Should Contain" owner="BuiltIn">
<arg>${response.json()}</arg>
<arg>authorization</arg>
<doc>Fails if ``container`` does not contain ``item`` one or more times.</doc>
<status status="PASS" start="2025-06-06T14:08:43.457049" elapsed="0.001133"/>
</kw>
<status status="PASS" start="2025-06-06T14:08:43.150724" elapsed="0.308092"/>
</test>
<test id="s1-s1-t2" name="Cenario: Login Com Email Invalido" line="17">
<kw name="Create Session" owner="RequestsLibrary">
<msg time="2025-06-06T14:08:43.461605" level="INFO">Creating Session using : alias=ServeRestSession, url=http://98.81.214.7:3000, headers={},                     cookies={}, auth=None, timeout=None, proxies=None, verify=False,                     debug=0 </msg>
<arg>ServeRestSession</arg>
<arg>${BASE_URL}</arg>
<doc>Create Session: create a HTTP session to a server</doc>
<status status="PASS" start="2025-06-06T14:08:43.461288" elapsed="0.000616"/>
</kw>
<kw name="Create Dictionary" owner="BuiltIn">
<msg time="2025-06-06T14:08:43.463103" level="INFO">${payload} = {'email': 'email.invalido@qa.com', 'password': 'teste'}</msg>
<var>${payload}</var>
<arg>email=email.invalido@qa.com</arg>
<arg>password=teste</arg>
<doc>Creates and returns a dictionary based on the given ``items``.</doc>
<status status="PASS" start="2025-06-06T14:08:43.462475" elapsed="0.000713"/>
</kw>
<kw name="POST On Session" owner="RequestsLibrary">
<msg time="2025-06-06T14:08:43.752918" level="INFO">POST Request : url=http://98.81.214.7:3000/login 
 path_url=/login 
 headers={'User-Agent': 'python-requests/2.32.3', 'Accept-Encoding': 'gzip, deflate', 'Accept': '*/*', 'Connection': 'keep-alive', 'Content-Length': '55', 'Content-Type': 'application/json'} 
 body=b'{"email": "email.invalido@qa.com", "password": "teste"}' 
 </msg>
<msg time="2025-06-06T14:08:43.753115" level="INFO">POST Response : url=http://98.81.214.7:3000/login 
 status=401, reason=Unauthorized 
 headers={'Access-Control-Allow-Origin': '*', 'x-dns-prefetch-control': 'off', 'x-frame-options': 'SAMEORIGIN', 'strict-transport-security': 'max-age=15552000; includeSubDomains', 'x-download-options': 'noopen', 'x-content-type-options': 'nosniff', 'x-xss-protection': '1; mode=block', 'Content-Type': 'application/json; charset=utf-8', 'Content-Length': '48', 'Date': 'Fri, 06 Jun 2025 17:08:43 GMT', 'Connection': 'keep-alive', 'Keep-Alive': 'timeout=5'} 
 body={
    "message": "Email e/ou senha inválidos"
} 
 </msg>
<msg time="2025-06-06T14:08:43.753386" level="INFO">${response} = &lt;Response [401]&gt;</msg>
<var>${response}</var>
<arg>ServeRestSession</arg>
<arg>${LOGIN_ENDPOINT}</arg>
<arg>json=${payload}</arg>
<arg>expected_status=401</arg>
<doc>Sends a POST request on a previously created HTTP Session.</doc>
<status status="PASS" start="2025-06-06T14:08:43.463658" elapsed="0.289803"/>
</kw>
<kw name="Should Be Equal As Strings" owner="BuiltIn">
<msg time="2025-06-06T14:08:43.755355" level="INFO">Argument types are:
&lt;class 'int'&gt;
&lt;class 'str'&gt;</msg>
<arg>${response.status_code}</arg>
<arg>401</arg>
<doc>Fails if objects are unequal after converting them to strings.</doc>
<status status="PASS" start="2025-06-06T14:08:43.754266" elapsed="0.001217"/>
</kw>
<kw name="Should Be Equal As Strings" owner="BuiltIn">
<arg>${response.json()['message']}</arg>
<arg>Email e/ou senha inválidos</arg>
<doc>Fails if objects are unequal after converting them to strings.</doc>
<status status="PASS" start="2025-06-06T14:08:43.756060" elapsed="0.000998"/>
</kw>
<status status="PASS" start="2025-06-06T14:08:43.460274" elapsed="0.297395"/>
</test>
<test id="s1-s1-t3" name="Cenario: Login Com Senha Invalida" line="24">
<kw name="Create Session" owner="RequestsLibrary">
<msg time="2025-06-06T14:08:43.760255" level="INFO">Creating Session using : alias=ServeRestSession, url=http://98.81.214.7:3000, headers={},                     cookies={}, auth=None, timeout=None, proxies=None, verify=False,                     debug=0 </msg>
<arg>ServeRestSession</arg>
<arg>${BASE_URL}</arg>
<doc>Create Session: create a HTTP session to a server</doc>
<status status="PASS" start="2025-06-06T14:08:43.759930" elapsed="0.000629"/>
</kw>
<kw name="Create Dictionary" owner="BuiltIn">
<msg time="2025-06-06T14:08:43.761385" level="INFO">${payload} = {'email': 'fulano@qa.com', 'password': 'senhaerrada'}</msg>
<var>${payload}</var>
<arg>email=fulano@qa.com</arg>
<arg>password=senhaerrada</arg>
<doc>Creates and returns a dictionary based on the given ``items``.</doc>
<status status="PASS" start="2025-06-06T14:08:43.761086" elapsed="0.000342"/>
</kw>
<kw name="POST On Session" owner="RequestsLibrary">
<msg time="2025-06-06T14:08:44.024152" level="INFO">POST Request : url=http://98.81.214.7:3000/login 
 path_url=/login 
 headers={'User-Agent': 'python-requests/2.32.3', 'Accept-Encoding': 'gzip, deflate', 'Accept': '*/*', 'Connection': 'keep-alive', 'Content-Length': '53', 'Content-Type': 'application/json'} 
 body=b'{"email": "fulano@qa.com", "password": "senhaerrada"}' 
 </msg>
<msg time="2025-06-06T14:08:44.024682" level="INFO">POST Response : url=http://98.81.214.7:3000/login 
 status=401, reason=Unauthorized 
 headers={'Access-Control-Allow-Origin': '*', 'x-dns-prefetch-control': 'off', 'x-frame-options': 'SAMEORIGIN', 'strict-transport-security': 'max-age=15552000; includeSubDomains', 'x-download-options': 'noopen', 'x-content-type-options': 'nosniff', 'x-xss-protection': '1; mode=block', 'Content-Type': 'application/json; charset=utf-8', 'Content-Length': '48', 'Date': 'Fri, 06 Jun 2025 17:08:44 GMT', 'Connection': 'keep-alive', 'Keep-Alive': 'timeout=5'} 
 body={
    "message": "Email e/ou senha inválidos"
} 
 </msg>
<msg time="2025-06-06T14:08:44.024973" level="INFO">${response} = &lt;Response [401]&gt;</msg>
<var>${response}</var>
<arg>ServeRestSession</arg>
<arg>${LOGIN_ENDPOINT}</arg>
<arg>json=${payload}</arg>
<arg>expected_status=401</arg>
<doc>Sends a POST request on a previously created HTTP Session.</doc>
<status status="PASS" start="2025-06-06T14:08:43.761878" elapsed="0.263160"/>
</kw>
<kw name="Should Be Equal As Strings" owner="BuiltIn">
<msg time="2025-06-06T14:08:44.027407" level="INFO">Argument types are:
&lt;class 'int'&gt;
&lt;class 'str'&gt;</msg>
<arg>${response.status_code}</arg>
<arg>401</arg>
<doc>Fails if objects are unequal after converting them to strings.</doc>
<status status="PASS" start="2025-06-06T14:08:44.025872" elapsed="0.001715"/>
</kw>
<kw name="Should Be Equal As Strings" owner="BuiltIn">
<arg>${response.json()['message']}</arg>
<arg>Email e/ou senha inválidos</arg>
<doc>Fails if objects are unequal after converting them to strings.</doc>
<status status="PASS" start="2025-06-06T14:08:44.028329" elapsed="0.001113"/>
</kw>
<status status="PASS" start="2025-06-06T14:08:43.759031" elapsed="0.271075"/>
</test>
<status status="PASS" start="2025-06-06T14:08:42.855938" elapsed="1.176019"/>
</suite>
<suite id="s1-s2" name="Product Tests" source="C:\Users\Lucas\pb-compassuol\CompassUOL\Sprint6\Semana11\tests\product_tests.robot">
<test id="s1-s2-t1" name="Cenario: Validar Cadastro De Produto Com Sucesso" line="14">
<kw name="Create Session" owner="RequestsLibrary">
<msg time="2025-06-06T14:08:44.342052" level="INFO">Creating Session using : alias=ServeRestSession, url=http://98.81.214.7:3000, headers={},                     cookies={}, auth=None, timeout=None, proxies=None, verify=False,                     debug=0 </msg>
<arg>ServeRestSession</arg>
<arg>${BASE_URL}</arg>
<doc>Create Session: create a HTTP session to a server</doc>
<status status="PASS" start="2025-06-06T14:08:44.341923" elapsed="0.000245"/>
</kw>
<kw name="Create Dictionary" owner="BuiltIn">
<msg time="2025-06-06T14:08:44.342616" level="INFO">${login_payload} = {'email': 'fulano@qa.com', 'password': 'teste'}</msg>
<var>${login_payload}</var>
<arg>email=fulano@qa.com</arg>
<arg>password=teste</arg>
<doc>Creates and returns a dictionary based on the given ``items``.</doc>
<status status="PASS" start="2025-06-06T14:08:44.342470" elapsed="0.000164"/>
</kw>
<kw name="POST On Session" owner="RequestsLibrary">
<msg time="2025-06-06T14:08:44.631071" level="INFO">POST Request : url=http://98.81.214.7:3000/login 
 path_url=/login 
 headers={'User-Agent': 'python-requests/2.32.3', 'Accept-Encoding': 'gzip, deflate', 'Accept': '*/*', 'Connection': 'keep-alive', 'Content-Length': '47', 'Content-Type': 'application/json'} 
 body=b'{"email": "fulano@qa.com", "password": "teste"}' 
 </msg>
<msg time="2025-06-06T14:08:44.631247" level="INFO">POST Response : url=http://98.81.214.7:3000/login 
 status=200, reason=OK 
 headers={'Access-Control-Allow-Origin': '*', 'x-dns-prefetch-control': 'off', 'x-frame-options': 'SAMEORIGIN', 'strict-transport-security': 'max-age=15552000; includeSubDomains', 'x-download-options': 'noopen', 'x-content-type-options': 'nosniff', 'x-xss-protection': '1; mode=block', 'Content-Type': 'application/json; charset=utf-8', 'Content-Length': '265', 'Date': 'Fri, 06 Jun 2025 17:08:44 GMT', 'Connection': 'keep-alive', 'Keep-Alive': 'timeout=5'} 
 body={
    "message": "Login realizado com sucesso",
    "authorization": "Bearer eyJhbGciOiJIUzI1NiIsInR5cCI6IkpXVCJ9.eyJlbWFpbCI6ImZ1bGFub0BxYS5jb20iLCJwYXNzd29yZCI6InRlc3RlIiwiaWF0IjoxNzQ5MjI5NzI0LCJleHAiOjE3NDkyMzAzMjR9.gLpIwCmc4cS4h275DiWB2Z7Zchg9kJbpykXdSHiXUjM"
} 
 </msg>
<msg time="2025-06-06T14:08:44.631515" level="INFO">${login_response} = &lt;Response [200]&gt;</msg>
<var>${login_response}</var>
<arg>ServeRestSession</arg>
<arg>${LOGIN_ENDPOINT}</arg>
<arg>json=${login_payload}</arg>
<doc>Sends a POST request on a previously created HTTP Session.</doc>
<status status="PASS" start="2025-06-06T14:08:44.342902" elapsed="0.288673"/>
</kw>
<kw name="Set Variable" owner="BuiltIn">
<msg time="2025-06-06T14:08:44.633354" level="INFO">${token} = Bearer eyJhbGciOiJIUzI1NiIsInR5cCI6IkpXVCJ9.eyJlbWFpbCI6ImZ1bGFub0BxYS5jb20iLCJwYXNzd29yZCI6InRlc3RlIiwiaWF0IjoxNzQ5MjI5NzI0LCJleHAiOjE3NDkyMzAzMjR9.gLpIwCmc4cS4h275DiWB2Z7Zchg9kJbpykXdSHiXUjM</msg>
<var>${token}</var>
<arg>${login_response.json()['authorization']}</arg>
<doc>Returns the given values which can then be assigned to a variables.</doc>
<status status="PASS" start="2025-06-06T14:08:44.632288" elapsed="0.001134"/>
</kw>
<kw name="Generate Random String" owner="String">
<msg time="2025-06-06T14:08:44.634667" level="INFO">${unique_product_name} = OWVPsiPuge</msg>
<var>${unique_product_name}</var>
<arg>10</arg>
<arg>[NUMBERS][LETTERS]</arg>
<doc>Generates a string with a desired ``length`` from the given ``chars``.</doc>
<status status="PASS" start="2025-06-06T14:08:44.634065" elapsed="0.000669"/>
</kw>
<kw name="Catenate" owner="BuiltIn">
<msg time="2025-06-06T14:08:44.635770" level="INFO">${unique_product_name} = Monitor GamerOWVPsiPuge</msg>
<var>${unique_product_name}</var>
<arg>SEPARATOR=</arg>
<arg>Monitor Gamer</arg>
<arg>${unique_product_name}</arg>
<doc>Catenates the given items together and returns the resulted string.</doc>
<status status="PASS" start="2025-06-06T14:08:44.635335" elapsed="0.000498"/>
</kw>
<kw name="Create Dictionary" owner="BuiltIn">
<msg time="2025-06-06T14:08:44.636906" level="INFO">${headers} = {'Authorization': 'Bearer eyJhbGciOiJIUzI1NiIsInR5cCI6IkpXVCJ9.eyJlbWFpbCI6ImZ1bGFub0BxYS5jb20iLCJwYXNzd29yZCI6InRlc3RlIiwiaWF0IjoxNzQ5MjI5NzI0LCJleHAiOjE3NDkyMzAzMjR9.gLpIwCmc4cS4h275DiWB2Z7Zchg9kJbp...</msg>
<var>${headers}</var>
<arg>Authorization=${token}</arg>
<doc>Creates and returns a dictionary based on the given ``items``.</doc>
<status status="PASS" start="2025-06-06T14:08:44.636426" elapsed="0.000540"/>
</kw>
<kw name="Create Dictionary" owner="BuiltIn">
<msg time="2025-06-06T14:08:44.638080" level="INFO">${product_payload} = {'nome': 'Monitor GamerOWVPsiPuge', 'preco': '1499', 'descricao': 'Monitor gamer 27 polegadas, 144hz, 1ms, resolução Full HD.', 'quantidade': '10'}</msg>
<var>${product_payload}</var>
<arg>nome=${unique_product_name}</arg>
<arg>preco=1499</arg>
<arg>descricao=Monitor gamer 27 polegadas, 144hz, 1ms, resolução Full HD.</arg>
<arg>quantidade=10</arg>
<doc>Creates and returns a dictionary based on the given ``items``.</doc>
<status status="PASS" start="2025-06-06T14:08:44.637523" elapsed="0.000621"/>
</kw>
<kw name="POST On Session" owner="RequestsLibrary">
<msg time="2025-06-06T14:08:44.799024" level="INFO">POST Request : url=http://98.81.214.7:3000/produtos 
 path_url=/produtos 
 headers={'User-Agent': 'python-requests/2.32.3', 'Accept-Encoding': 'gzip, deflate', 'Accept': '*/*', 'Connection': 'keep-alive', 'Authorization': 'Bearer eyJhbGciOiJIUzI1NiIsInR5cCI6IkpXVCJ9.eyJlbWFpbCI6ImZ1bGFub0BxYS5jb20iLCJwYXNzd29yZCI6InRlc3RlIiwiaWF0IjoxNzQ5MjI5NzI0LCJleHAiOjE3NDkyMzAzMjR9.gLpIwCmc4cS4h275DiWB2Z7Zchg9kJbpykXdSHiXUjM', 'Content-Length': '157', 'Content-Type': 'application/json'} 
 body=b'{"nome": "Monitor GamerOWVPsiPuge", "preco": "1499", "descricao": "Monitor gamer 27 polegadas, 144hz, 1ms, resolu\\u00e7\\u00e3o Full HD.", "quantidade": "10"}' 
 </msg>
<msg time="2025-06-06T14:08:44.799480" level="INFO">POST Response : url=http://98.81.214.7:3000/produtos 
 status=201, reason=Created 
 headers={'Access-Control-Allow-Origin': '*', 'x-dns-prefetch-control': 'off', 'x-frame-options': 'SAMEORIGIN', 'strict-transport-security': 'max-age=15552000; includeSubDomains', 'x-download-options': 'noopen', 'x-content-type-options': 'nosniff', 'x-xss-protection': '1; mode=block', 'Content-Type': 'application/json; charset=utf-8', 'Content-Length': '82', 'Date': 'Fri, 06 Jun 2025 17:08:44 GMT', 'Connection': 'keep-alive', 'Keep-Alive': 'timeout=5'} 
 body={
    "message": "Cadastro realizado com sucesso",
    "_id": "E7lSTZx3877JYkH8"
} 
 </msg>
<msg time="2025-06-06T14:08:44.799760" level="INFO">${response} = &lt;Response [201]&gt;</msg>
<var>${response}</var>
<arg>ServeRestSession</arg>
<arg>${PRODUCTS_ENDPOINT}</arg>
<arg>json=${product_payload}</arg>
<arg>headers=${headers}</arg>
<doc>Sends a POST request on a previously created HTTP Session.</doc>
<status status="PASS" start="2025-06-06T14:08:44.638709" elapsed="0.161118"/>
</kw>
<kw name="Should Be Equal As Strings" owner="BuiltIn">
<msg time="2025-06-06T14:08:44.802334" level="INFO">Argument types are:
&lt;class 'int'&gt;
&lt;class 'str'&gt;</msg>
<arg>${response.status_code}</arg>
<arg>201</arg>
<doc>Fails if objects are unequal after converting them to strings.</doc>
<status status="PASS" start="2025-06-06T14:08:44.801141" elapsed="0.001342"/>
</kw>
<kw name="Should Be Equal As Strings" owner="BuiltIn">
<arg>${response.json()['message']}</arg>
<arg>Cadastro realizado com sucesso</arg>
<doc>Fails if objects are unequal after converting them to strings.</doc>
<status status="PASS" start="2025-06-06T14:08:44.803137" elapsed="0.001149"/>
</kw>
<kw name="Should Contain" owner="BuiltIn">
<arg>${response.json()}</arg>
<arg>_id</arg>
<doc>Fails if ``container`` does not contain ``item`` one or more times.</doc>
<status status="PASS" start="2025-06-06T14:08:44.804944" elapsed="0.001137"/>
</kw>
<kw name="Set Test Variable" owner="BuiltIn">
<msg time="2025-06-06T14:08:44.807169" level="INFO">${PRODUTO_ID} = E7lSTZx3877JYkH8</msg>
<arg>${PRODUTO_ID}</arg>
<arg>${response.json()['_id']}</arg>
<doc>Makes a variable available everywhere within the scope of the current test.</doc>
<status status="PASS" start="2025-06-06T14:08:44.806441" elapsed="0.000760"/>
</kw>
<kw name="Set Test Variable" owner="BuiltIn">
<msg time="2025-06-06T14:08:44.807962" level="INFO">${PRODUTO_NOME} = Monitor GamerOWVPsiPuge</msg>
<arg>${PRODUTO_NOME}</arg>
<arg>${unique_product_name}</arg>
<doc>Makes a variable available everywhere within the scope of the current test.</doc>
<status status="PASS" start="2025-06-06T14:08:44.807521" elapsed="0.000473"/>
</kw>
<status status="PASS" start="2025-06-06T14:08:44.341222" elapsed="0.467040"/>
</test>
<test id="s1-s2-t2" name="Cenario: Cadastrar Produto Com Nome Duplicado" line="41">
<kw name="Create Session" owner="RequestsLibrary">
<msg time="2025-06-06T14:08:44.809540" level="INFO">Creating Session using : alias=ServeRestSession, url=http://98.81.214.7:3000, headers={},                     cookies={}, auth=None, timeout=None, proxies=None, verify=False,                     debug=0 </msg>
<arg>ServeRestSession</arg>
<arg>${BASE_URL}</arg>
<arg>verify=False</arg>
<doc>Create Session: create a HTTP session to a server</doc>
<status status="PASS" start="2025-06-06T14:08:44.809321" elapsed="0.000395"/>
</kw>
<kw name="Create Dictionary" owner="BuiltIn">
<msg time="2025-06-06T14:08:44.810379" level="INFO">${login_payload} = {'email': 'fulano@qa.com', 'password': 'teste'}</msg>
<var>${login_payload}</var>
<arg>email=fulano@qa.com</arg>
<arg>password=teste</arg>
<doc>Creates and returns a dictionary based on the given ``items``.</doc>
<status status="PASS" start="2025-06-06T14:08:44.810145" elapsed="0.000268"/>
</kw>
<kw name="POST On Session" owner="RequestsLibrary">
<msg time="2025-06-06T14:08:45.072397" level="INFO">POST Request : url=http://98.81.214.7:3000/login 
 path_url=/login 
 headers={'User-Agent': 'python-requests/2.32.3', 'Accept-Encoding': 'gzip, deflate', 'Accept': '*/*', 'Connection': 'keep-alive', 'Content-Length': '47', 'Content-Type': 'application/json'} 
 body=b'{"email": "fulano@qa.com", "password": "teste"}' 
 </msg>
<msg time="2025-06-06T14:08:45.072505" level="INFO">POST Response : url=http://98.81.214.7:3000/login 
 status=200, reason=OK 
 headers={'Access-Control-Allow-Origin': '*', 'x-dns-prefetch-control': 'off', 'x-frame-options': 'SAMEORIGIN', 'strict-transport-security': 'max-age=15552000; includeSubDomains', 'x-download-options': 'noopen', 'x-content-type-options': 'nosniff', 'x-xss-protection': '1; mode=block', 'Content-Type': 'application/json; charset=utf-8', 'Content-Length': '265', 'Date': 'Fri, 06 Jun 2025 17:08:45 GMT', 'Connection': 'keep-alive', 'Keep-Alive': 'timeout=5'} 
 body={
    "message": "Login realizado com sucesso",
    "authorization": "Bearer eyJhbGciOiJIUzI1NiIsInR5cCI6IkpXVCJ9.eyJlbWFpbCI6ImZ1bGFub0BxYS5jb20iLCJwYXNzd29yZCI6InRlc3RlIiwiaWF0IjoxNzQ5MjI5NzI1LCJleHAiOjE3NDkyMzAzMjV9.kEdiTBA9mzvJqad50_zIYFb4gbTPO26rkBkB_YjzLxI"
} 
 </msg>
<msg time="2025-06-06T14:08:45.072647" level="INFO">${login_response} = &lt;Response [200]&gt;</msg>
<var>${login_response}</var>
<arg>ServeRestSession</arg>
<arg>${LOGIN_ENDPOINT}</arg>
<arg>json=${login_payload}</arg>
<doc>Sends a POST request on a previously created HTTP Session.</doc>
<status status="PASS" start="2025-06-06T14:08:44.810808" elapsed="0.261870"/>
</kw>
<kw name="Set Variable" owner="BuiltIn">
<msg time="2025-06-06T14:08:45.074118" level="INFO">${token} = Bearer eyJhbGciOiJIUzI1NiIsInR5cCI6IkpXVCJ9.eyJlbWFpbCI6ImZ1bGFub0BxYS5jb20iLCJwYXNzd29yZCI6InRlc3RlIiwiaWF0IjoxNzQ5MjI5NzI1LCJleHAiOjE3NDkyMzAzMjV9.kEdiTBA9mzvJqad50_zIYFb4gbTPO26rkBkB_YjzLxI</msg>
<var>${token}</var>
<arg>${login_response.json()['authorization']}</arg>
<doc>Returns the given values which can then be assigned to a variables.</doc>
<status status="PASS" start="2025-06-06T14:08:45.073353" elapsed="0.000802"/>
</kw>
<kw name="Word" owner="FakerLibrary">
<msg time="2025-06-06T14:08:45.074798" level="INFO">${nome_produto} = its</msg>
<var>${nome_produto}</var>
<doc>Generate a word.</doc>
<status status="PASS" start="2025-06-06T14:08:45.074554" elapsed="0.000279"/>
</kw>
<kw name="Create Dictionary" owner="BuiltIn">
<msg time="2025-06-06T14:08:45.075508" level="INFO">${headers} = {'Authorization': 'Bearer eyJhbGciOiJIUzI1NiIsInR5cCI6IkpXVCJ9.eyJlbWFpbCI6ImZ1bGFub0BxYS5jb20iLCJwYXNzd29yZCI6InRlc3RlIiwiaWF0IjoxNzQ5MjI5NzI1LCJleHAiOjE3NDkyMzAzMjV9.kEdiTBA9mzvJqad50_zIYFb4gbTPO26r...</msg>
<var>${headers}</var>
<arg>Authorization=${token}</arg>
<doc>Creates and returns a dictionary based on the given ``items``.</doc>
<status status="PASS" start="2025-06-06T14:08:45.075231" elapsed="0.000311"/>
</kw>
<kw name="Create Dictionary" owner="BuiltIn">
<msg time="2025-06-06T14:08:45.076198" level="INFO">${produto_payload} = {'nome': 'its', 'preco': '999', 'descricao': 'Produto teste para duplicação', 'quantidade': '5'}</msg>
<var>${produto_payload}</var>
<arg>nome=${nome_produto}</arg>
<arg>preco=999</arg>
<arg>descricao=Produto teste para duplicação</arg>
<arg>quantidade=5</arg>
<doc>Creates and returns a dictionary based on the given ``items``.</doc>
<status status="PASS" start="2025-06-06T14:08:45.075900" elapsed="0.000333"/>
</kw>
<kw name="POST On Session" owner="RequestsLibrary">
<msg time="2025-06-06T14:08:45.218017" level="INFO">POST Request : url=http://98.81.214.7:3000/produtos 
 path_url=/produtos 
 headers={'User-Agent': 'python-requests/2.32.3', 'Accept-Encoding': 'gzip, deflate', 'Accept': '*/*', 'Connection': 'keep-alive', 'Authorization': 'Bearer eyJhbGciOiJIUzI1NiIsInR5cCI6IkpXVCJ9.eyJlbWFpbCI6ImZ1bGFub0BxYS5jb20iLCJwYXNzd29yZCI6InRlc3RlIiwiaWF0IjoxNzQ5MjI5NzI1LCJleHAiOjE3NDkyMzAzMjV9.kEdiTBA9mzvJqad50_zIYFb4gbTPO26rkBkB_YjzLxI', 'Content-Length': '106', 'Content-Type': 'application/json'} 
 body=b'{"nome": "its", "preco": "999", "descricao": "Produto teste para duplica\\u00e7\\u00e3o", "quantidade": "5"}' 
 </msg>
<msg time="2025-06-06T14:08:45.218181" level="INFO">POST Response : url=http://98.81.214.7:3000/produtos 
 status=201, reason=Created 
 headers={'Access-Control-Allow-Origin': '*', 'x-dns-prefetch-control': 'off', 'x-frame-options': 'SAMEORIGIN', 'strict-transport-security': 'max-age=15552000; includeSubDomains', 'x-download-options': 'noopen', 'x-content-type-options': 'nosniff', 'x-xss-protection': '1; mode=block', 'Content-Type': 'application/json; charset=utf-8', 'Content-Length': '82', 'Date': 'Fri, 06 Jun 2025 17:08:45 GMT', 'Connection': 'keep-alive', 'Keep-Alive': 'timeout=5'} 
 body={
    "message": "Cadastro realizado com sucesso",
    "_id": "XQlP4UfmbG8WnvYh"
} 
 </msg>
<msg time="2025-06-06T14:08:45.218305" level="INFO">${response} = &lt;Response [201]&gt;</msg>
<var>${response}</var>
<arg>ServeRestSession</arg>
<arg>${PRODUCTS_ENDPOINT}</arg>
<arg>json=${produto_payload}</arg>
<arg>headers=${headers}</arg>
<doc>Sends a POST request on a previously created HTTP Session.</doc>
<status status="PASS" start="2025-06-06T14:08:45.076597" elapsed="0.141727"/>
</kw>
<kw name="Should Be Equal As Strings" owner="BuiltIn">
<msg time="2025-06-06T14:08:45.219509" level="INFO">Argument types are:
&lt;class 'int'&gt;
&lt;class 'str'&gt;</msg>
<arg>${response.status_code}</arg>
<arg>201</arg>
<doc>Fails if objects are unequal after converting them to strings.</doc>
<status status="PASS" start="2025-06-06T14:08:45.218913" elapsed="0.000656"/>
</kw>
<kw name="POST On Session" owner="RequestsLibrary">
<msg time="2025-06-06T14:08:45.352664" level="INFO">POST Request : url=http://98.81.214.7:3000/produtos 
 path_url=/produtos 
 headers={'User-Agent': 'python-requests/2.32.3', 'Accept-Encoding': 'gzip, deflate', 'Accept': '*/*', 'Connection': 'keep-alive', 'Authorization': 'Bearer eyJhbGciOiJIUzI1NiIsInR5cCI6IkpXVCJ9.eyJlbWFpbCI6ImZ1bGFub0BxYS5jb20iLCJwYXNzd29yZCI6InRlc3RlIiwiaWF0IjoxNzQ5MjI5NzI1LCJleHAiOjE3NDkyMzAzMjV9.kEdiTBA9mzvJqad50_zIYFb4gbTPO26rkBkB_YjzLxI', 'Content-Length': '106', 'Content-Type': 'application/json'} 
 body=b'{"nome": "its", "preco": "999", "descricao": "Produto teste para duplica\\u00e7\\u00e3o", "quantidade": "5"}' 
 </msg>
<msg time="2025-06-06T14:08:45.352765" level="INFO">POST Response : url=http://98.81.214.7:3000/produtos 
 status=400, reason=Bad Request 
 headers={'Access-Control-Allow-Origin': '*', 'x-dns-prefetch-control': 'off', 'x-frame-options': 'SAMEORIGIN', 'strict-transport-security': 'max-age=15552000; includeSubDomains', 'x-download-options': 'noopen', 'x-content-type-options': 'nosniff', 'x-xss-protection': '1; mode=block', 'Content-Type': 'application/json; charset=utf-8', 'Content-Length': '53', 'Date': 'Fri, 06 Jun 2025 17:08:45 GMT', 'Connection': 'keep-alive', 'Keep-Alive': 'timeout=5'} 
 body={
    "message": "Já existe produto com esse nome"
} 
 </msg>
<msg time="2025-06-06T14:08:45.352910" level="INFO">${response_duplicado} = &lt;Response [400]&gt;</msg>
<var>${response_duplicado}</var>
<arg>ServeRestSession</arg>
<arg>${PRODUCTS_ENDPOINT}</arg>
<arg>json=${produto_payload}</arg>
<arg>headers=${headers}</arg>
<arg>expected_status=400</arg>
<doc>Sends a POST request on a previously created HTTP Session.</doc>
<status status="PASS" start="2025-06-06T14:08:45.220173" elapsed="0.132765"/>
</kw>
<kw name="Should Be Equal As Strings" owner="BuiltIn">
<msg time="2025-06-06T14:08:45.354372" level="INFO">Argument types are:
&lt;class 'int'&gt;
&lt;class 'str'&gt;</msg>
<arg>${response_duplicado.status_code}</arg>
<arg>400</arg>
<doc>Fails if objects are unequal after converting them to strings.</doc>
<status status="PASS" start="2025-06-06T14:08:45.353636" elapsed="0.000795"/>
</kw>
<kw name="Should Be Equal As Strings" owner="BuiltIn">
<arg>${response_duplicado.json()['message']}</arg>
<arg>Já existe produto com esse nome</arg>
<doc>Fails if objects are unequal after converting them to strings.</doc>
<status status="PASS" start="2025-06-06T14:08:45.354807" elapsed="0.000528"/>
</kw>
<status status="PASS" start="2025-06-06T14:08:44.808931" elapsed="0.546692"/>
</test>
<test id="s1-s2-t3" name="Cenario: Criar Carrinho Com Produto Valido" line="65">
<kw name="Create Session" owner="RequestsLibrary">
<msg time="2025-06-06T14:08:45.357745" level="INFO">Creating Session using : alias=ServeRestSession, url=http://98.81.214.7:3000, headers={},                     cookies={}, auth=None, timeout=None, proxies=None, verify=False,                     debug=0 </msg>
<arg>ServeRestSession</arg>
<arg>${BASE_URL}</arg>
<arg>verify=False</arg>
<doc>Create Session: create a HTTP session to a server</doc>
<status status="PASS" start="2025-06-06T14:08:45.357341" elapsed="0.000687"/>
</kw>
<kw name="Create Dictionary" owner="BuiltIn">
<msg time="2025-06-06T14:08:45.358745" level="INFO">${login_payload} = {'email': 'fulano@qa.com', 'password': 'teste'}</msg>
<var>${login_payload}</var>
<arg>email=fulano@qa.com</arg>
<arg>password=teste</arg>
<doc>Creates and returns a dictionary based on the given ``items``.</doc>
<status status="PASS" start="2025-06-06T14:08:45.358484" elapsed="0.000298"/>
</kw>
<kw name="POST On Session" owner="RequestsLibrary">
<msg time="2025-06-06T14:08:45.626291" level="INFO">POST Request : url=http://98.81.214.7:3000/login 
 path_url=/login 
 headers={'User-Agent': 'python-requests/2.32.3', 'Accept-Encoding': 'gzip, deflate', 'Accept': '*/*', 'Connection': 'keep-alive', 'Content-Length': '47', 'Content-Type': 'application/json'} 
 body=b'{"email": "fulano@qa.com", "password": "teste"}' 
 </msg>
<msg time="2025-06-06T14:08:45.626512" level="INFO">POST Response : url=http://98.81.214.7:3000/login 
 status=200, reason=OK 
 headers={'Access-Control-Allow-Origin': '*', 'x-dns-prefetch-control': 'off', 'x-frame-options': 'SAMEORIGIN', 'strict-transport-security': 'max-age=15552000; includeSubDomains', 'x-download-options': 'noopen', 'x-content-type-options': 'nosniff', 'x-xss-protection': '1; mode=block', 'Content-Type': 'application/json; charset=utf-8', 'Content-Length': '265', 'Date': 'Fri, 06 Jun 2025 17:08:45 GMT', 'Connection': 'keep-alive', 'Keep-Alive': 'timeout=5'} 
 body={
    "message": "Login realizado com sucesso",
    "authorization": "Bearer eyJhbGciOiJIUzI1NiIsInR5cCI6IkpXVCJ9.eyJlbWFpbCI6ImZ1bGFub0BxYS5jb20iLCJwYXNzd29yZCI6InRlc3RlIiwiaWF0IjoxNzQ5MjI5NzI1LCJleHAiOjE3NDkyMzAzMjV9.kEdiTBA9mzvJqad50_zIYFb4gbTPO26rkBkB_YjzLxI"
} 
 </msg>
<msg time="2025-06-06T14:08:45.626749" level="INFO">${login_response} = &lt;Response [200]&gt;</msg>
<var>${login_response}</var>
<arg>ServeRestSession</arg>
<arg>${LOGIN_ENDPOINT}</arg>
<arg>json=${login_payload}</arg>
<doc>Sends a POST request on a previously created HTTP Session.</doc>
<status status="PASS" start="2025-06-06T14:08:45.359201" elapsed="0.267603"/>
</kw>
<kw name="Set Variable" owner="BuiltIn">
<msg time="2025-06-06T14:08:45.628508" level="INFO">${token} = Bearer eyJhbGciOiJIUzI1NiIsInR5cCI6IkpXVCJ9.eyJlbWFpbCI6ImZ1bGFub0BxYS5jb20iLCJwYXNzd29yZCI6InRlc3RlIiwiaWF0IjoxNzQ5MjI5NzI1LCJleHAiOjE3NDkyMzAzMjV9.kEdiTBA9mzvJqad50_zIYFb4gbTPO26rkBkB_YjzLxI</msg>
<var>${token}</var>
<arg>${login_response.json()['authorization']}</arg>
<doc>Returns the given values which can then be assigned to a variables.</doc>
<status status="PASS" start="2025-06-06T14:08:45.627419" elapsed="0.001155"/>
</kw>
<kw name="Generate Random String" owner="String">
<msg time="2025-06-06T14:08:45.630039" level="INFO">${unique_product_name} = KNCa80aQlz</msg>
<var>${unique_product_name}</var>
<arg>10</arg>
<arg>[NUMBERS][LETTERS]</arg>
<doc>Generates a string with a desired ``length`` from the given ``chars``.</doc>
<status status="PASS" start="2025-06-06T14:08:45.629192" elapsed="0.000927"/>
</kw>
<kw name="Create Dictionary" owner="BuiltIn">
<msg time="2025-06-06T14:08:45.631295" level="INFO">${headers} = {'Authorization': 'Bearer eyJhbGciOiJIUzI1NiIsInR5cCI6IkpXVCJ9.eyJlbWFpbCI6ImZ1bGFub0BxYS5jb20iLCJwYXNzd29yZCI6InRlc3RlIiwiaWF0IjoxNzQ5MjI5NzI1LCJleHAiOjE3NDkyMzAzMjV9.kEdiTBA9mzvJqad50_zIYFb4gbTPO26r...</msg>
<var>${headers}</var>
<arg>Authorization=${token}</arg>
<doc>Creates and returns a dictionary based on the given ``items``.</doc>
<status status="PASS" start="2025-06-06T14:08:45.630754" elapsed="0.000636"/>
</kw>
<kw name="Create Dictionary" owner="BuiltIn">
<msg time="2025-06-06T14:08:45.632687" level="INFO">${product_payload} = {'nome': 'Produto KNCa80aQlz', 'preco': '100', 'descricao': 'Produto para teste de carrinho', 'quantidade': '50'}</msg>
<var>${product_payload}</var>
<arg>nome=Produto ${unique_product_name}</arg>
<arg>preco=100</arg>
<arg>descricao=Produto para teste de carrinho</arg>
<arg>quantidade=50</arg>
<doc>Creates and returns a dictionary based on the given ``items``.</doc>
<status status="PASS" start="2025-06-06T14:08:45.632176" elapsed="0.000564"/>
</kw>
<kw name="POST On Session" owner="RequestsLibrary">
<msg time="2025-06-06T14:08:45.780884" level="INFO">POST Request : url=http://98.81.214.7:3000/produtos 
 path_url=/produtos 
 headers={'User-Agent': 'python-requests/2.32.3', 'Accept-Encoding': 'gzip, deflate', 'Accept': '*/*', 'Connection': 'keep-alive', 'Authorization': 'Bearer eyJhbGciOiJIUzI1NiIsInR5cCI6IkpXVCJ9.eyJlbWFpbCI6ImZ1bGFub0BxYS5jb20iLCJwYXNzd29yZCI6InRlc3RlIiwiaWF0IjoxNzQ5MjI5NzI1LCJleHAiOjE3NDkyMzAzMjV9.kEdiTBA9mzvJqad50_zIYFb4gbTPO26rkBkB_YjzLxI', 'Content-Length': '113', 'Content-Type': 'application/json'} 
 body=b'{"nome": "Produto KNCa80aQlz", "preco": "100", "descricao": "Produto para teste de carrinho", "quantidade": "50"}' 
 </msg>
<msg time="2025-06-06T14:08:45.781029" level="INFO">POST Response : url=http://98.81.214.7:3000/produtos 
 status=201, reason=Created 
 headers={'Access-Control-Allow-Origin': '*', 'x-dns-prefetch-control': 'off', 'x-frame-options': 'SAMEORIGIN', 'strict-transport-security': 'max-age=15552000; includeSubDomains', 'x-download-options': 'noopen', 'x-content-type-options': 'nosniff', 'x-xss-protection': '1; mode=block', 'Content-Type': 'application/json; charset=utf-8', 'Content-Length': '82', 'Date': 'Fri, 06 Jun 2025 17:08:45 GMT', 'Connection': 'keep-alive', 'Keep-Alive': 'timeout=5'} 
 body={
    "message": "Cadastro realizado com sucesso",
    "_id": "ibJQq1jhUQu5AtQb"
} 
 </msg>
<msg time="2025-06-06T14:08:45.781265" level="INFO">${response_product} = &lt;Response [201]&gt;</msg>
<var>${response_product}</var>
<arg>ServeRestSession</arg>
<arg>${PRODUCTS_ENDPOINT}</arg>
<arg>json=${product_payload}</arg>
<arg>headers=${headers}</arg>
<doc>Sends a POST request on a previously created HTTP Session.</doc>
<status status="PASS" start="2025-06-06T14:08:45.633247" elapsed="0.148076"/>
</kw>
<kw name="Set Variable" owner="BuiltIn">
<msg time="2025-06-06T14:08:45.783126" level="INFO">${produto_id} = ibJQq1jhUQu5AtQb</msg>
<var>${produto_id}</var>
<arg>${response_product.json()['_id']}</arg>
<doc>Returns the given values which can then be assigned to a variables.</doc>
<status status="PASS" start="2025-06-06T14:08:45.782020" elapsed="0.001169"/>
</kw>
<kw name="Create Dictionary" owner="BuiltIn">
<msg time="2025-06-06T14:08:45.784765" level="INFO">${produto_dict} = {'idProduto': 'ibJQq1jhUQu5AtQb', 'quantidade': '1'}</msg>
<var>${produto_dict}</var>
<arg>idProduto=${produto_id}</arg>
<arg>quantidade=1</arg>
<doc>Creates and returns a dictionary based on the given ``items``.</doc>
<status status="PASS" start="2025-06-06T14:08:45.784262" elapsed="0.000576"/>
</kw>
<kw name="Create List" owner="BuiltIn">
<msg time="2025-06-06T14:08:45.785548" level="INFO">${produtos_list} = [{'idProduto': 'ibJQq1jhUQu5AtQb', 'quantidade': '1'}]</msg>
<var>${produtos_list}</var>
<arg>${produto_dict}</arg>
<doc>Returns a list containing given items.</doc>
<status status="PASS" start="2025-06-06T14:08:45.785226" elapsed="0.000368"/>
</kw>
<kw name="Create Dictionary" owner="BuiltIn">
<msg time="2025-06-06T14:08:45.786431" level="INFO">${cart_payload} = {'produtos': [{'idProduto': 'ibJQq1jhUQu5AtQb', 'quantidade': '1'}]}</msg>
<var>${cart_payload}</var>
<arg>produtos=${produtos_list}</arg>
<doc>Creates and returns a dictionary based on the given ``items``.</doc>
<status status="PASS" start="2025-06-06T14:08:45.786043" elapsed="0.000435"/>
</kw>
<kw name="Run Keyword And Ignore Error" owner="BuiltIn">
<kw name="DELETE On Session" owner="RequestsLibrary">
<msg time="2025-06-06T14:08:45.930023" level="INFO">DELETE Request : url=http://98.81.214.7:3000/carrinhos/cancelar-compra 
 path_url=/carrinhos/cancelar-compra 
 headers={'User-Agent': 'python-requests/2.32.3', 'Accept-Encoding': 'gzip, deflate', 'Accept': '*/*', 'Connection': 'keep-alive', 'Authorization': 'Bearer eyJhbGciOiJIUzI1NiIsInR5cCI6IkpXVCJ9.eyJlbWFpbCI6ImZ1bGFub0BxYS5jb20iLCJwYXNzd29yZCI6InRlc3RlIiwiaWF0IjoxNzQ5MjI5NzI1LCJleHAiOjE3NDkyMzAzMjV9.kEdiTBA9mzvJqad50_zIYFb4gbTPO26rkBkB_YjzLxI', 'Content-Length': '0'} 
 body=None 
 </msg>
<msg time="2025-06-06T14:08:45.930218" level="INFO">DELETE Response : url=http://98.81.214.7:3000/carrinhos/cancelar-compra 
 status=200, reason=OK 
 headers={'Access-Control-Allow-Origin': '*', 'x-dns-prefetch-control': 'off', 'x-frame-options': 'SAMEORIGIN', 'strict-transport-security': 'max-age=15552000; includeSubDomains', 'x-download-options': 'noopen', 'x-content-type-options': 'nosniff', 'x-xss-protection': '1; mode=block', 'Content-Type': 'application/json; charset=utf-8', 'Content-Length': '86', 'Date': 'Fri, 06 Jun 2025 17:08:45 GMT', 'Connection': 'keep-alive', 'Keep-Alive': 'timeout=5'} 
 body={
    "message": "Registro excluído com sucesso. Estoque dos produtos reabastecido"
} 
 </msg>
<arg>ServeRestSession</arg>
<arg>${CARTS_ENDPOINT}/cancelar-compra</arg>
<arg>headers=${headers}</arg>
<doc>Sends a DELETE request on a previously created HTTP Session.</doc>
<status status="PASS" start="2025-06-06T14:08:45.787261" elapsed="0.143124"/>
</kw>
<arg>DELETE On Session</arg>
<arg>ServeRestSession</arg>
<arg>${CARTS_ENDPOINT}/cancelar-compra</arg>
<arg>headers=${headers}</arg>
<doc>Runs the given keyword with the given arguments and ignores possible error.</doc>
<status status="PASS" start="2025-06-06T14:08:45.786979" elapsed="0.143552"/>
</kw>
<kw name="Sleep" owner="BuiltIn">
<msg time="2025-06-06T14:08:46.932419" level="INFO">Slept 1 second.</msg>
<arg>1s</arg>
<doc>Pauses the test executed for the given time.</doc>
<status status="PASS" start="2025-06-06T14:08:45.931211" elapsed="1.001419"/>
</kw>
<kw name="POST On Session" owner="RequestsLibrary">
<msg time="2025-06-06T14:08:47.080748" level="INFO">POST Request : url=http://98.81.214.7:3000/carrinhos 
 path_url=/carrinhos 
 headers={'User-Agent': 'python-requests/2.32.3', 'Accept-Encoding': 'gzip, deflate', 'Accept': '*/*', 'Connection': 'keep-alive', 'Authorization': 'Bearer eyJhbGciOiJIUzI1NiIsInR5cCI6IkpXVCJ9.eyJlbWFpbCI6ImZ1bGFub0BxYS5jb20iLCJwYXNzd29yZCI6InRlc3RlIiwiaWF0IjoxNzQ5MjI5NzI1LCJleHAiOjE3NDkyMzAzMjV9.kEdiTBA9mzvJqad50_zIYFb4gbTPO26rkBkB_YjzLxI', 'Content-Length': '68', 'Content-Type': 'application/json'} 
 body=b'{"produtos": [{"idProduto": "ibJQq1jhUQu5AtQb", "quantidade": "1"}]}' 
 </msg>
<msg time="2025-06-06T14:08:47.080928" level="INFO">POST Response : url=http://98.81.214.7:3000/carrinhos 
 status=201, reason=Created 
 headers={'Access-Control-Allow-Origin': '*', 'x-dns-prefetch-control': 'off', 'x-frame-options': 'SAMEORIGIN', 'strict-transport-security': 'max-age=15552000; includeSubDomains', 'x-download-options': 'noopen', 'x-content-type-options': 'nosniff', 'x-xss-protection': '1; mode=block', 'Content-Type': 'application/json; charset=utf-8', 'Content-Length': '82', 'Date': 'Fri, 06 Jun 2025 17:08:47 GMT', 'Connection': 'keep-alive', 'Keep-Alive': 'timeout=5'} 
 body={
    "message": "Cadastro realizado com sucesso",
    "_id": "dc1oMIvp0gL4XQhA"
} 
 </msg>
<msg time="2025-06-06T14:08:47.081186" level="INFO">${response_cart} = &lt;Response [201]&gt;</msg>
<var>${response_cart}</var>
<arg>ServeRestSession</arg>
<arg>${CARTS_ENDPOINT}</arg>
<arg>json=${cart_payload}</arg>
<arg>headers=${headers}</arg>
<arg>expected_status=anything</arg>
<doc>Sends a POST request on a previously created HTTP Session.</doc>
<status status="PASS" start="2025-06-06T14:08:46.933427" elapsed="0.147817"/>
</kw>
<kw name="Log" owner="BuiltIn">
<msg time="2025-06-06T14:08:47.083291" level="INFO">Resposta do carrinho: {
    "message": "Cadastro realizado com sucesso",
    "_id": "dc1oMIvp0gL4XQhA"
}</msg>
<arg>Resposta do carrinho: ${response_cart.text}</arg>
<doc>Logs the given message with the given level.</doc>
<status status="PASS" start="2025-06-06T14:08:47.082138" elapsed="0.001283"/>
</kw>
<kw name="Should Be Equal As Strings" owner="BuiltIn">
<msg time="2025-06-06T14:08:47.085169" level="INFO">Argument types are:
&lt;class 'int'&gt;
&lt;class 'str'&gt;</msg>
<arg>${response_cart.status_code}</arg>
<arg>201</arg>
<doc>Fails if objects are unequal after converting them to strings.</doc>
<status status="PASS" start="2025-06-06T14:08:47.084085" elapsed="0.001206"/>
</kw>
<status status="PASS" start="2025-06-06T14:08:45.356471" elapsed="1.729685"/>
</test>
<status status="PASS" start="2025-06-06T14:08:44.033830" elapsed="3.053558"/>
</suite>
<suite id="s1-s3" name="User Registration Tests" source="C:\Users\Lucas\pb-compassuol\CompassUOL\Sprint6\Semana11\tests\user_registration_tests.robot">
<test id="s1-s3-t1" name="Cenario: Validar Restricao De Cadastro Com Dominio Gmail" line="12">
<kw name="Generate Random String" owner="String">
<msg time="2025-06-06T14:08:47.093108" level="INFO">${unique_user_name} = dtzgkrOd</msg>
<var>${unique_user_name}</var>
<arg>8</arg>
<arg>[LETTERS]</arg>
<doc>Generates a string with a desired ``length`` from the given ``chars``.</doc>
<status status="PASS" start="2025-06-06T14:08:47.092933" elapsed="0.000196"/>
</kw>
<kw name="Catenate" owner="BuiltIn">
<msg time="2025-06-06T14:08:47.093532" level="INFO">${unique_user_name} = UsuariodtzgkrOd</msg>
<var>${unique_user_name}</var>
<arg>SEPARATOR=</arg>
<arg>Usuario</arg>
<arg>${unique_user_name}</arg>
<doc>Catenates the given items together and returns the resulted string.</doc>
<status status="PASS" start="2025-06-06T14:08:47.093400" elapsed="0.000150"/>
</kw>
<kw name="Catenate" owner="BuiltIn">
<msg time="2025-06-06T14:08:47.093933" level="INFO">${restricted_email} = UsuariodtzgkrOd@gmail.com</msg>
<var>${restricted_email}</var>
<arg>SEPARATOR=</arg>
<arg>${unique_user_name}</arg>
<arg>@gmail.com</arg>
<doc>Catenates the given items together and returns the resulted string.</doc>
<status status="PASS" start="2025-06-06T14:08:47.093811" elapsed="0.000140"/>
</kw>
<kw name="Generate Random String" owner="String">
<msg time="2025-06-06T14:08:47.094355" level="INFO">${password} = eDFsX4YP</msg>
<var>${password}</var>
<arg>8</arg>
<arg>[NUMBERS][LETTERS]</arg>
<doc>Generates a string with a desired ``length`` from the given ``chars``.</doc>
<status status="PASS" start="2025-06-06T14:08:47.094210" elapsed="0.000164"/>
</kw>
<kw name="Create Dictionary" owner="BuiltIn">
<msg time="2025-06-06T14:08:47.094876" level="INFO">&amp;{user_payload} = { nome=UsuariodtzgkrOd | email=UsuariodtzgkrOd@gmail.com | password=eDFsX4YP | administrador=false }</msg>
<var>&amp;{user_payload}</var>
<arg>nome=${unique_user_name}</arg>
<arg>email=${restricted_email}</arg>
<arg>password=${password}</arg>
<arg>administrador=false</arg>
<doc>Creates and returns a dictionary based on the given ``items``.</doc>
<status status="PASS" start="2025-06-06T14:08:47.094637" elapsed="0.000260"/>
</kw>
<kw name="Create Session" owner="RequestsLibrary">
<msg time="2025-06-06T14:08:47.095270" level="INFO">Creating Session using : alias=ServeRestUserSessionGmail, url=http://98.81.214.7:3000 # Garante que a sessão é criada corretamente, headers={},                     cookies={}, auth=None, timeout=None, proxies=None, verify=False,                     debug=0 </msg>
<arg>ServeRestUserSessionGmail</arg>
<arg>${BASE_URL} # Garante que a sessão é criada corretamente</arg>
<doc>Create Session: create a HTTP session to a server</doc>
<status status="PASS" start="2025-06-06T14:08:47.095159" elapsed="0.000217"/>
</kw>
<kw name="POST On Session" owner="RequestsLibrary">
<msg time="2025-06-06T14:08:47.369117" level="INFO">POST Request : url=http://98.81.214.7:3000/usuarios 
 path_url=/usuarios 
 headers={'User-Agent': 'python-requests/2.32.3', 'Accept-Encoding': 'gzip, deflate', 'Accept': '*/*', 'Connection': 'keep-alive', 'Content-Length': '115', 'Content-Type': 'application/json'} 
 body=b'{"nome": "UsuariodtzgkrOd", "email": "UsuariodtzgkrOd@gmail.com", "password": "eDFsX4YP", "administrador": "false"}' 
 </msg>
<msg time="2025-06-06T14:08:47.369267" level="INFO">POST Response : url=http://98.81.214.7:3000/usuarios 
 status=201, reason=Created 
 headers={'Access-Control-Allow-Origin': '*', 'x-dns-prefetch-control': 'off', 'x-frame-options': 'SAMEORIGIN', 'strict-transport-security': 'max-age=15552000; includeSubDomains', 'x-download-options': 'noopen', 'x-content-type-options': 'nosniff', 'x-xss-protection': '1; mode=block', 'Content-Type': 'application/json; charset=utf-8', 'Content-Length': '82', 'Date': 'Fri, 06 Jun 2025 17:08:47 GMT', 'Connection': 'keep-alive', 'Keep-Alive': 'timeout=5'} 
 body={
    "message": "Cadastro realizado com sucesso",
    "_id": "24lmxB6X5hZE590t"
} 
 </msg>
<msg time="2025-06-06T14:08:47.369467" level="INFO">${response} = &lt;Response [201]&gt;</msg>
<var>${response}</var>
<arg>ServeRestUserSessionGmail</arg>
<arg>${FULL_URL}</arg>
<arg>json=${user_payload}</arg>
<doc>Sends a POST request on a previously created HTTP Session.</doc>
<status status="PASS" start="2025-06-06T14:08:47.095649" elapsed="0.273879"/>
</kw>
<kw name="Log To Console" owner="BuiltIn">
<arg>Corpo da Resposta (Erro): ${response.json()}</arg>
<doc>Logs the given message to the console.</doc>
<status status="PASS" start="2025-06-06T14:08:47.370135" elapsed="0.001248"/>
</kw>
<kw name="Should Be Equal As Strings" owner="BuiltIn">
<msg time="2025-06-06T14:08:47.373968" level="INFO">Argument types are:
&lt;class 'int'&gt;
&lt;class 'str'&gt;</msg>
<msg time="2025-06-06T14:08:47.374217" level="FAIL">Status Code não foi 400 para email restrito (Gmail).: 201 != 400</msg>
<arg>${response.status_code}</arg>
<arg>400</arg>
<arg>msg=Status Code não foi 400 para email restrito (Gmail).</arg>
<doc>Fails if objects are unequal after converting them to strings.</doc>
<status status="FAIL" start="2025-06-06T14:08:47.371918" elapsed="0.002698">Status Code não foi 400 para email restrito (Gmail).: 201 != 400</status>
</kw>
<kw name="Should Contain" owner="BuiltIn">
<arg>${response.json()['message']}</arg>
<arg>Email já cadastrado</arg>
<arg>msg=A mensagem de erro para email restrito (Gmail) está incorreta.</arg>
<doc>Fails if ``container`` does not contain ``item`` one or more times.</doc>
<status status="NOT RUN" start="2025-06-06T14:08:47.375551" elapsed="0.000055"/>
</kw>
<tag>cadastro</tag>
<tag>email</tag>
<tag>negativo</tag>
<tag>restricao</tag>
<tag>usuario</tag>
<status status="FAIL" start="2025-06-06T14:08:47.092476" elapsed="0.283720">Status Code não foi 400 para email restrito (Gmail).: 201 != 400</status>
</test>
<test id="s1-s3-t2" name="Cenario: Validar Restricao De Cadastro Com Dominio Hotmail" line="38">
<kw name="Generate Random String" owner="String">
<msg time="2025-06-06T14:08:47.378763" level="INFO">${unique_user_name} = fDMVfepf</msg>
<var>${unique_user_name}</var>
<arg>8</arg>
<arg>[LETTERS]</arg>
<doc>Generates a string with a desired ``length`` from the given ``chars``.</doc>
<status status="PASS" start="2025-06-06T14:08:47.378389" elapsed="0.000433"/>
</kw>
<kw name="Catenate" owner="BuiltIn">
<msg time="2025-06-06T14:08:47.379600" level="INFO">${unique_user_name} = UsuariofDMVfepf</msg>
<var>${unique_user_name}</var>
<arg>SEPARATOR=</arg>
<arg>Usuario</arg>
<arg>${unique_user_name}</arg>
<doc>Catenates the given items together and returns the resulted string.</doc>
<status status="PASS" start="2025-06-06T14:08:47.379292" elapsed="0.000353"/>
</kw>
<kw name="Catenate" owner="BuiltIn">
<msg time="2025-06-06T14:08:47.380447" level="INFO">${restricted_email} = UsuariofDMVfepf@hotmail.com</msg>
<var>${restricted_email}</var>
<arg>SEPARATOR=</arg>
<arg>${unique_user_name}</arg>
<arg>@hotmail.com</arg>
<doc>Catenates the given items together and returns the resulted string.</doc>
<status status="PASS" start="2025-06-06T14:08:47.380138" elapsed="0.000359"/>
</kw>
<kw name="Generate Random String" owner="String">
<msg time="2025-06-06T14:08:47.381599" level="INFO">${password} = uTQKWM6m</msg>
<var>${password}</var>
<arg>8</arg>
<arg>[NUMBERS][LETTERS]</arg>
<doc>Generates a string with a desired ``length`` from the given ``chars``.</doc>
<status status="PASS" start="2025-06-06T14:08:47.381254" elapsed="0.000388"/>
</kw>
<kw name="Create Dictionary" owner="BuiltIn">
<msg time="2025-06-06T14:08:47.382647" level="INFO">&amp;{user_payload} = { nome=UsuariofDMVfepf | email=UsuariofDMVfepf@hotmail.com | password=uTQKWM6m | administrador=false }</msg>
<var>&amp;{user_payload}</var>
<arg>nome=${unique_user_name}</arg>
<arg>email=${restricted_email}</arg>
<arg>password=${password}</arg>
<arg>administrador=false</arg>
<doc>Creates and returns a dictionary based on the given ``items``.</doc>
<status status="PASS" start="2025-06-06T14:08:47.382114" elapsed="0.000580"/>
</kw>
<kw name="Create Session" owner="RequestsLibrary">
<msg time="2025-06-06T14:08:47.383415" level="INFO">Creating Session using : alias=ServeRestUserSessionHotmail, url=http://98.81.214.7:3000 # Garante que a sessão é criada corretamente, headers={},                     cookies={}, auth=None, timeout=None, proxies=None, verify=False,                     debug=0 </msg>
<arg>ServeRestUserSessionHotmail</arg>
<arg>${BASE_URL} # Garante que a sessão é criada corretamente</arg>
<doc>Create Session: create a HTTP session to a server</doc>
<status status="PASS" start="2025-06-06T14:08:47.383168" elapsed="0.000473"/>
</kw>
<kw name="POST On Session" owner="RequestsLibrary">
<msg time="2025-06-06T14:08:47.678152" level="INFO">POST Request : url=http://98.81.214.7:3000/usuarios 
 path_url=/usuarios 
 headers={'User-Agent': 'python-requests/2.32.3', 'Accept-Encoding': 'gzip, deflate', 'Accept': '*/*', 'Connection': 'keep-alive', 'Content-Length': '117', 'Content-Type': 'application/json'} 
 body=b'{"nome": "UsuariofDMVfepf", "email": "UsuariofDMVfepf@hotmail.com", "password": "uTQKWM6m", "administrador": "false"}' 
 </msg>
<msg time="2025-06-06T14:08:47.678314" level="INFO">POST Response : url=http://98.81.214.7:3000/usuarios 
 status=201, reason=Created 
 headers={'Access-Control-Allow-Origin': '*', 'x-dns-prefetch-control': 'off', 'x-frame-options': 'SAMEORIGIN', 'strict-transport-security': 'max-age=15552000; includeSubDomains', 'x-download-options': 'noopen', 'x-content-type-options': 'nosniff', 'x-xss-protection': '1; mode=block', 'Content-Type': 'application/json; charset=utf-8', 'Content-Length': '82', 'Date': 'Fri, 06 Jun 2025 17:08:47 GMT', 'Connection': 'keep-alive', 'Keep-Alive': 'timeout=5'} 
 body={
    "message": "Cadastro realizado com sucesso",
    "_id": "52oz9RZwWDk3EzWm"
} 
 </msg>
<msg time="2025-06-06T14:08:47.678575" level="INFO">${response} = &lt;Response [201]&gt;</msg>
<var>${response}</var>
<arg>ServeRestUserSessionHotmail</arg>
<arg>${FULL_URL}</arg>
<arg>json=${user_payload}</arg>
<doc>Sends a POST request on a previously created HTTP Session.</doc>
<status status="PASS" start="2025-06-06T14:08:47.384098" elapsed="0.294533"/>
</kw>
<kw name="Log To Console" owner="BuiltIn">
<arg>Corpo da Resposta (Erro): ${response.json()}</arg>
<doc>Logs the given message to the console.</doc>
<status status="PASS" start="2025-06-06T14:08:47.679235" elapsed="0.001308"/>
</kw>
<kw name="Should Be Equal As Strings" owner="BuiltIn">
<msg time="2025-06-06T14:08:47.682102" level="INFO">Argument types are:
&lt;class 'int'&gt;
&lt;class 'str'&gt;</msg>
<msg time="2025-06-06T14:08:47.682301" level="FAIL">Status Code não foi 400 para email restrito (Hotmail).: 201 != 400</msg>
<arg>${response.status_code}</arg>
<arg>400</arg>
<arg>msg=Status Code não foi 400 para email restrito (Hotmail).</arg>
<doc>Fails if objects are unequal after converting them to strings.</doc>
<status status="FAIL" start="2025-06-06T14:08:47.681137" elapsed="0.001324">Status Code não foi 400 para email restrito (Hotmail).: 201 != 400</status>
</kw>
<kw name="Should Contain" owner="BuiltIn">
<arg>${response.json()['message']}</arg>
<arg>Email já cadastrado</arg>
<arg>msg=A mensagem de erro para email restrito (Hotmail) está incorreta.</arg>
<doc>Fails if ``container`` does not contain ``item`` one or more times.</doc>
<status status="NOT RUN" start="2025-06-06T14:08:47.683592" elapsed="0.000060"/>
</kw>
<tag>cadastro</tag>
<tag>email</tag>
<tag>negativo</tag>
<tag>restricao</tag>
<tag>usuario</tag>
<status status="FAIL" start="2025-06-06T14:08:47.377597" elapsed="0.306749">Status Code não foi 400 para email restrito (Hotmail).: 201 != 400</status>
</test>
<status status="FAIL" start="2025-06-06T14:08:47.088782" elapsed="0.597592"/>
</suite>
<status status="FAIL" start="2025-06-06T14:08:42.828314" elapsed="4.859788"/>
</suite>
<statistics>
<total>
<stat pass="6" fail="2" skip="0">All Tests</stat>
</total>
<tag>
<stat pass="0" fail="2" skip="0">cadastro</stat>
<stat pass="0" fail="2" skip="0">email</stat>
<stat pass="0" fail="2" skip="0">negativo</stat>
<stat pass="0" fail="2" skip="0">restricao</stat>
<stat pass="0" fail="2" skip="0">usuario</stat>
</tag>
<suite>
<stat name="Tests" id="s1" pass="6" fail="2" skip="0">Tests</stat>
<stat name="Login Tests" id="s1-s1" pass="3" fail="0" skip="0">Tests.Login Tests</stat>
<stat name="Product Tests" id="s1-s2" pass="3" fail="0" skip="0">Tests.Product Tests</stat>
<stat name="User Registration Tests" id="s1-s3" pass="0" fail="2" skip="0">Tests.User Registration Tests</stat>
</suite>
</statistics>
<errors>
</errors>
</robot>
