<?xml version="1.0" encoding="UTF-8"?>
<robot generator="Robot 7.2.2 (Python 3.13.3 on win32)" generated="2025-06-06T14:07:04.393547" rpa="false" schemaversion="5">
<suite id="s1" name="Tests" source="C:\Users\Lucas\pb-compassuol\CompassUOL\Sprint6\Semana11\tests">
<suite id="s1-s1" name="Login Tests" source="C:\Users\Lucas\pb-compassuol\CompassUOL\Sprint6\Semana11\tests\login_tests.robot">
<test id="s1-s1-t1" name="Cenario: Login Com Credenciais Validas" line="10">
<kw name="Create Session" owner="RequestsLibrary">
<msg time="2025-06-06T14:07:04.706799" level="INFO">Creating Session using : alias=ServeRestSession, url=http://98.81.214.7:3000, headers={},                     cookies={}, auth=None, timeout=None, proxies=None, verify=False,                     debug=0 </msg>
<arg>ServeRestSession</arg>
<arg>${BASE_URL}</arg>
<doc>Create Session: create a HTTP session to a server</doc>
<status status="PASS" start="2025-06-06T14:07:04.706648" elapsed="0.000312"/>
</kw>
<kw name="Create Dictionary" owner="BuiltIn">
<msg time="2025-06-06T14:07:04.707601" level="INFO">${payload} = {'email': 'fulano@qa.com', 'password': 'teste'}</msg>
<var>${payload}</var>
<arg>email=fulano@qa.com</arg>
<arg>password=teste</arg>
<doc>Creates and returns a dictionary based on the given ``items``.</doc>
<status status="PASS" start="2025-06-06T14:07:04.707363" elapsed="0.000260"/>
</kw>
<kw name="POST On Session" owner="RequestsLibrary">
<msg time="2025-06-06T14:07:04.976098" level="INFO">POST Request : url=http://98.81.214.7:3000/login 
 path_url=/login 
 headers={'User-Agent': 'python-requests/2.32.3', 'Accept-Encoding': 'gzip, deflate', 'Accept': '*/*', 'Connection': 'keep-alive', 'Content-Length': '47', 'Content-Type': 'application/json'} 
 body=b'{"email": "fulano@qa.com", "password": "teste"}' 
 </msg>
<msg time="2025-06-06T14:07:04.976365" level="INFO">POST Response : url=http://98.81.214.7:3000/login 
 status=200, reason=OK 
 headers={'Access-Control-Allow-Origin': '*', 'x-dns-prefetch-control': 'off', 'x-frame-options': 'SAMEORIGIN', 'strict-transport-security': 'max-age=15552000; includeSubDomains', 'x-download-options': 'noopen', 'x-content-type-options': 'nosniff', 'x-xss-protection': '1; mode=block', 'Content-Type': 'application/json; charset=utf-8', 'Content-Length': '265', 'Date': 'Fri, 06 Jun 2025 17:07:05 GMT', 'Connection': 'keep-alive', 'Keep-Alive': 'timeout=5'} 
 body={
    "message": "Login realizado com sucesso",
    "authorization": "Bearer eyJhbGciOiJIUzI1NiIsInR5cCI6IkpXVCJ9.eyJlbWFpbCI6ImZ1bGFub0BxYS5jb20iLCJwYXNzd29yZCI6InRlc3RlIiwiaWF0IjoxNzQ5MjI5NjI1LCJleHAiOjE3NDkyMzAyMjV9.qIqtK_ETCaVgGKnaluRv16x1KunJctxqV6g6tG9NvP0"
} 
 </msg>
<msg time="2025-06-06T14:07:04.976649" level="INFO">${response} = &lt;Response [200]&gt;</msg>
<var>${response}</var>
<arg>ServeRestSession</arg>
<arg>${LOGIN_ENDPOINT}</arg>
<arg>json=${payload}</arg>
<doc>Sends a POST request on a previously created HTTP Session.</doc>
<status status="PASS" start="2025-06-06T14:07:04.707938" elapsed="0.268774"/>
</kw>
<kw name="Should Be Equal As Strings" owner="BuiltIn">
<msg time="2025-06-06T14:07:04.979079" level="INFO">Argument types are:
&lt;class 'int'&gt;
&lt;class 'str'&gt;</msg>
<arg>${response.status_code}</arg>
<arg>200</arg>
<doc>Fails if objects are unequal after converting them to strings.</doc>
<status status="PASS" start="2025-06-06T14:07:04.977439" elapsed="0.001777"/>
</kw>
<kw name="Should Contain" owner="BuiltIn">
<arg>${response.json()}</arg>
<arg>authorization</arg>
<doc>Fails if ``container`` does not contain ``item`` one or more times.</doc>
<status status="PASS" start="2025-06-06T14:07:04.979833" elapsed="0.001059"/>
</kw>
<status status="PASS" start="2025-06-06T14:07:04.705856" elapsed="0.275566"/>
</test>
<test id="s1-s1-t2" name="Cenario: Login Com Email Invalido" line="17">
<kw name="Create Session" owner="RequestsLibrary">
<msg time="2025-06-06T14:07:04.983995" level="INFO">Creating Session using : alias=ServeRestSession, url=http://98.81.214.7:3000, headers={},                     cookies={}, auth=None, timeout=None, proxies=None, verify=False,                     debug=0 </msg>
<arg>ServeRestSession</arg>
<arg>${BASE_URL}</arg>
<doc>Create Session: create a HTTP session to a server</doc>
<status status="PASS" start="2025-06-06T14:07:04.983688" elapsed="0.000616"/>
</kw>
<kw name="Create Dictionary" owner="BuiltIn">
<msg time="2025-06-06T14:07:04.985322" level="INFO">${payload} = {'email': 'email.invalido@qa.com', 'password': 'teste'}</msg>
<var>${payload}</var>
<arg>email=email.invalido@qa.com</arg>
<arg>password=teste</arg>
<doc>Creates and returns a dictionary based on the given ``items``.</doc>
<status status="PASS" start="2025-06-06T14:07:04.984905" elapsed="0.000490"/>
</kw>
<kw name="POST On Session" owner="RequestsLibrary">
<msg time="2025-06-06T14:07:05.246186" level="INFO">POST Request : url=http://98.81.214.7:3000/login 
 path_url=/login 
 headers={'User-Agent': 'python-requests/2.32.3', 'Accept-Encoding': 'gzip, deflate', 'Accept': '*/*', 'Connection': 'keep-alive', 'Content-Length': '55', 'Content-Type': 'application/json'} 
 body=b'{"email": "email.invalido@qa.com", "password": "teste"}' 
 </msg>
<msg time="2025-06-06T14:07:05.246386" level="INFO">POST Response : url=http://98.81.214.7:3000/login 
 status=401, reason=Unauthorized 
 headers={'Access-Control-Allow-Origin': '*', 'x-dns-prefetch-control': 'off', 'x-frame-options': 'SAMEORIGIN', 'strict-transport-security': 'max-age=15552000; includeSubDomains', 'x-download-options': 'noopen', 'x-content-type-options': 'nosniff', 'x-xss-protection': '1; mode=block', 'Content-Type': 'application/json; charset=utf-8', 'Content-Length': '48', 'Date': 'Fri, 06 Jun 2025 17:07:05 GMT', 'Connection': 'keep-alive', 'Keep-Alive': 'timeout=5'} 
 body={
    "message": "Email e/ou senha inválidos"
} 
 </msg>
<msg time="2025-06-06T14:07:05.246640" level="INFO">${response} = &lt;Response [401]&gt;</msg>
<var>${response}</var>
<arg>ServeRestSession</arg>
<arg>${LOGIN_ENDPOINT}</arg>
<arg>json=${payload}</arg>
<arg>expected_status=401</arg>
<doc>Sends a POST request on a previously created HTTP Session.</doc>
<status status="PASS" start="2025-06-06T14:07:04.986000" elapsed="0.260702"/>
</kw>
<kw name="Should Be Equal As Strings" owner="BuiltIn">
<msg time="2025-06-06T14:07:05.248430" level="INFO">Argument types are:
&lt;class 'int'&gt;
&lt;class 'str'&gt;</msg>
<arg>${response.status_code}</arg>
<arg>401</arg>
<doc>Fails if objects are unequal after converting them to strings.</doc>
<status status="PASS" start="2025-06-06T14:07:05.247447" elapsed="0.001127"/>
</kw>
<kw name="Should Be Equal As Strings" owner="BuiltIn">
<arg>${response.json()['message']}</arg>
<arg>Email e/ou senha inválidos</arg>
<doc>Fails if objects are unequal after converting them to strings.</doc>
<status status="PASS" start="2025-06-06T14:07:05.249168" elapsed="0.001024"/>
</kw>
<status status="PASS" start="2025-06-06T14:07:04.982782" elapsed="0.268040"/>
</test>
<test id="s1-s1-t3" name="Cenario: Login Com Senha Invalida" line="24">
<kw name="Create Session" owner="RequestsLibrary">
<msg time="2025-06-06T14:07:05.253703" level="INFO">Creating Session using : alias=ServeRestSession, url=http://98.81.214.7:3000, headers={},                     cookies={}, auth=None, timeout=None, proxies=None, verify=False,                     debug=0 </msg>
<arg>ServeRestSession</arg>
<arg>${BASE_URL}</arg>
<doc>Create Session: create a HTTP session to a server</doc>
<status status="PASS" start="2025-06-06T14:07:05.253392" elapsed="0.000618"/>
</kw>
<kw name="Create Dictionary" owner="BuiltIn">
<msg time="2025-06-06T14:07:05.255093" level="INFO">${payload} = {'email': 'fulano@qa.com', 'password': 'senhaerrada'}</msg>
<var>${payload}</var>
<arg>email=fulano@qa.com</arg>
<arg>password=senhaerrada</arg>
<doc>Creates and returns a dictionary based on the given ``items``.</doc>
<status status="PASS" start="2025-06-06T14:07:05.254645" elapsed="0.000512"/>
</kw>
<kw name="POST On Session" owner="RequestsLibrary">
<msg time="2025-06-06T14:07:05.525234" level="INFO">POST Request : url=http://98.81.214.7:3000/login 
 path_url=/login 
 headers={'User-Agent': 'python-requests/2.32.3', 'Accept-Encoding': 'gzip, deflate', 'Accept': '*/*', 'Connection': 'keep-alive', 'Content-Length': '53', 'Content-Type': 'application/json'} 
 body=b'{"email": "fulano@qa.com", "password": "senhaerrada"}' 
 </msg>
<msg time="2025-06-06T14:07:05.525778" level="INFO">POST Response : url=http://98.81.214.7:3000/login 
 status=401, reason=Unauthorized 
 headers={'Access-Control-Allow-Origin': '*', 'x-dns-prefetch-control': 'off', 'x-frame-options': 'SAMEORIGIN', 'strict-transport-security': 'max-age=15552000; includeSubDomains', 'x-download-options': 'noopen', 'x-content-type-options': 'nosniff', 'x-xss-protection': '1; mode=block', 'Content-Type': 'application/json; charset=utf-8', 'Content-Length': '48', 'Date': 'Fri, 06 Jun 2025 17:07:05 GMT', 'Connection': 'keep-alive', 'Keep-Alive': 'timeout=5'} 
 body={
    "message": "Email e/ou senha inválidos"
} 
 </msg>
<msg time="2025-06-06T14:07:05.526054" level="INFO">${response} = &lt;Response [401]&gt;</msg>
<var>${response}</var>
<arg>ServeRestSession</arg>
<arg>${LOGIN_ENDPOINT}</arg>
<arg>json=${payload}</arg>
<arg>expected_status=401</arg>
<doc>Sends a POST request on a previously created HTTP Session.</doc>
<status status="PASS" start="2025-06-06T14:07:05.255790" elapsed="0.270327"/>
</kw>
<kw name="Should Be Equal As Strings" owner="BuiltIn">
<msg time="2025-06-06T14:07:05.527766" level="INFO">Argument types are:
&lt;class 'int'&gt;
&lt;class 'str'&gt;</msg>
<arg>${response.status_code}</arg>
<arg>401</arg>
<doc>Fails if objects are unequal after converting them to strings.</doc>
<status status="PASS" start="2025-06-06T14:07:05.526791" elapsed="0.001097"/>
</kw>
<kw name="Should Be Equal As Strings" owner="BuiltIn">
<arg>${response.json()['message']}</arg>
<arg>Email e/ou senha inválidos</arg>
<doc>Fails if objects are unequal after converting them to strings.</doc>
<status status="PASS" start="2025-06-06T14:07:05.528497" elapsed="0.000982"/>
</kw>
<status status="PASS" start="2025-06-06T14:07:05.252443" elapsed="0.277604"/>
</test>
<status status="PASS" start="2025-06-06T14:07:04.420950" elapsed="1.110688"/>
</suite>
<suite id="s1-s2" name="Product Tests" source="C:\Users\Lucas\pb-compassuol\CompassUOL\Sprint6\Semana11\tests\product_tests.robot">
<test id="s1-s2-t1" name="Cenario: Validar Cadastro De Produto Com Sucesso" line="14">
<kw name="Create Session" owner="RequestsLibrary">
<msg time="2025-06-06T14:07:05.844028" level="INFO">Creating Session using : alias=ServeRestSession, url=http://98.81.214.7:3000, headers={},                     cookies={}, auth=None, timeout=None, proxies=None, verify=False,                     debug=0 </msg>
<arg>ServeRestSession</arg>
<arg>${BASE_URL}</arg>
<doc>Create Session: create a HTTP session to a server</doc>
<status status="PASS" start="2025-06-06T14:07:05.843873" elapsed="0.000272"/>
</kw>
<kw name="Create Dictionary" owner="BuiltIn">
<msg time="2025-06-06T14:07:05.844612" level="INFO">${login_payload} = {'email': 'fulano@qa.com', 'password': 'teste'}</msg>
<var>${login_payload}</var>
<arg>email=fulano@qa.com</arg>
<arg>password=teste</arg>
<doc>Creates and returns a dictionary based on the given ``items``.</doc>
<status status="PASS" start="2025-06-06T14:07:05.844466" elapsed="0.000165"/>
</kw>
<kw name="POST On Session" owner="RequestsLibrary">
<msg time="2025-06-06T14:07:06.137809" level="INFO">POST Request : url=http://98.81.214.7:3000/login 
 path_url=/login 
 headers={'User-Agent': 'python-requests/2.32.3', 'Accept-Encoding': 'gzip, deflate', 'Accept': '*/*', 'Connection': 'keep-alive', 'Content-Length': '47', 'Content-Type': 'application/json'} 
 body=b'{"email": "fulano@qa.com", "password": "teste"}' 
 </msg>
<msg time="2025-06-06T14:07:06.137984" level="INFO">POST Response : url=http://98.81.214.7:3000/login 
 status=200, reason=OK 
 headers={'Access-Control-Allow-Origin': '*', 'x-dns-prefetch-control': 'off', 'x-frame-options': 'SAMEORIGIN', 'strict-transport-security': 'max-age=15552000; includeSubDomains', 'x-download-options': 'noopen', 'x-content-type-options': 'nosniff', 'x-xss-protection': '1; mode=block', 'Content-Type': 'application/json; charset=utf-8', 'Content-Length': '265', 'Date': 'Fri, 06 Jun 2025 17:07:06 GMT', 'Connection': 'keep-alive', 'Keep-Alive': 'timeout=5'} 
 body={
    "message": "Login realizado com sucesso",
    "authorization": "Bearer eyJhbGciOiJIUzI1NiIsInR5cCI6IkpXVCJ9.eyJlbWFpbCI6ImZ1bGFub0BxYS5jb20iLCJwYXNzd29yZCI6InRlc3RlIiwiaWF0IjoxNzQ5MjI5NjI2LCJleHAiOjE3NDkyMzAyMjZ9.21UdCs_a6rKxh8PNOLHA60UBkt9K2cQVv_fjbpEr3dM"
} 
 </msg>
<msg time="2025-06-06T14:07:06.138252" level="INFO">${login_response} = &lt;Response [200]&gt;</msg>
<var>${login_response}</var>
<arg>ServeRestSession</arg>
<arg>${LOGIN_ENDPOINT}</arg>
<arg>json=${login_payload}</arg>
<doc>Sends a POST request on a previously created HTTP Session.</doc>
<status status="PASS" start="2025-06-06T14:07:05.844993" elapsed="0.293318"/>
</kw>
<kw name="Set Variable" owner="BuiltIn">
<msg time="2025-06-06T14:07:06.140207" level="INFO">${token} = Bearer eyJhbGciOiJIUzI1NiIsInR5cCI6IkpXVCJ9.eyJlbWFpbCI6ImZ1bGFub0BxYS5jb20iLCJwYXNzd29yZCI6InRlc3RlIiwiaWF0IjoxNzQ5MjI5NjI2LCJleHAiOjE3NDkyMzAyMjZ9.21UdCs_a6rKxh8PNOLHA60UBkt9K2cQVv_fjbpEr3dM</msg>
<var>${token}</var>
<arg>${login_response.json()['authorization']}</arg>
<doc>Returns the given values which can then be assigned to a variables.</doc>
<status status="PASS" start="2025-06-06T14:07:06.139117" elapsed="0.001160"/>
</kw>
<kw name="Generate Random String" owner="String">
<msg time="2025-06-06T14:07:06.141472" level="INFO">${unique_product_name} = C6jlMkf1ne</msg>
<var>${unique_product_name}</var>
<arg>10</arg>
<arg>[NUMBERS][LETTERS]</arg>
<doc>Generates a string with a desired ``length`` from the given ``chars``.</doc>
<status status="PASS" start="2025-06-06T14:07:06.140888" elapsed="0.000650"/>
</kw>
<kw name="Catenate" owner="BuiltIn">
<msg time="2025-06-06T14:07:06.142574" level="INFO">${unique_product_name} = Monitor GamerC6jlMkf1ne</msg>
<var>${unique_product_name}</var>
<arg>SEPARATOR=</arg>
<arg>Monitor Gamer</arg>
<arg>${unique_product_name}</arg>
<doc>Catenates the given items together and returns the resulted string.</doc>
<status status="PASS" start="2025-06-06T14:07:06.142141" elapsed="0.000496"/>
</kw>
<kw name="Create Dictionary" owner="BuiltIn">
<msg time="2025-06-06T14:07:06.143762" level="INFO">${headers} = {'Authorization': 'Bearer eyJhbGciOiJIUzI1NiIsInR5cCI6IkpXVCJ9.eyJlbWFpbCI6ImZ1bGFub0BxYS5jb20iLCJwYXNzd29yZCI6InRlc3RlIiwiaWF0IjoxNzQ5MjI5NjI2LCJleHAiOjE3NDkyMzAyMjZ9.21UdCs_a6rKxh8PNOLHA60UBkt9K2cQV...</msg>
<var>${headers}</var>
<arg>Authorization=${token}</arg>
<doc>Creates and returns a dictionary based on the given ``items``.</doc>
<status status="PASS" start="2025-06-06T14:07:06.143259" elapsed="0.000569"/>
</kw>
<kw name="Create Dictionary" owner="BuiltIn">
<msg time="2025-06-06T14:07:06.144882" level="INFO">${product_payload} = {'nome': 'Monitor GamerC6jlMkf1ne', 'preco': '1499', 'descricao': 'Monitor gamer 27 polegadas, 144hz, 1ms, resolução Full HD.', 'quantidade': '10'}</msg>
<var>${product_payload}</var>
<arg>nome=${unique_product_name}</arg>
<arg>preco=1499</arg>
<arg>descricao=Monitor gamer 27 polegadas, 144hz, 1ms, resolução Full HD.</arg>
<arg>quantidade=10</arg>
<doc>Creates and returns a dictionary based on the given ``items``.</doc>
<status status="PASS" start="2025-06-06T14:07:06.144450" elapsed="0.000451"/>
</kw>
<kw name="POST On Session" owner="RequestsLibrary">
<msg time="2025-06-06T14:07:06.294058" level="INFO">POST Request : url=http://98.81.214.7:3000/produtos 
 path_url=/produtos 
 headers={'User-Agent': 'python-requests/2.32.3', 'Accept-Encoding': 'gzip, deflate', 'Accept': '*/*', 'Connection': 'keep-alive', 'Authorization': 'Bearer eyJhbGciOiJIUzI1NiIsInR5cCI6IkpXVCJ9.eyJlbWFpbCI6ImZ1bGFub0BxYS5jb20iLCJwYXNzd29yZCI6InRlc3RlIiwiaWF0IjoxNzQ5MjI5NjI2LCJleHAiOjE3NDkyMzAyMjZ9.21UdCs_a6rKxh8PNOLHA60UBkt9K2cQVv_fjbpEr3dM', 'Content-Length': '157', 'Content-Type': 'application/json'} 
 body=b'{"nome": "Monitor GamerC6jlMkf1ne", "preco": "1499", "descricao": "Monitor gamer 27 polegadas, 144hz, 1ms, resolu\\u00e7\\u00e3o Full HD.", "quantidade": "10"}' 
 </msg>
<msg time="2025-06-06T14:07:06.294547" level="INFO">POST Response : url=http://98.81.214.7:3000/produtos 
 status=201, reason=Created 
 headers={'Access-Control-Allow-Origin': '*', 'x-dns-prefetch-control': 'off', 'x-frame-options': 'SAMEORIGIN', 'strict-transport-security': 'max-age=15552000; includeSubDomains', 'x-download-options': 'noopen', 'x-content-type-options': 'nosniff', 'x-xss-protection': '1; mode=block', 'Content-Type': 'application/json; charset=utf-8', 'Content-Length': '82', 'Date': 'Fri, 06 Jun 2025 17:07:06 GMT', 'Connection': 'keep-alive', 'Keep-Alive': 'timeout=5'} 
 body={
    "message": "Cadastro realizado com sucesso",
    "_id": "OpdvZZ1YHh2I6eoo"
} 
 </msg>
<msg time="2025-06-06T14:07:06.294838" level="INFO">${response} = &lt;Response [201]&gt;</msg>
<var>${response}</var>
<arg>ServeRestSession</arg>
<arg>${PRODUCTS_ENDPOINT}</arg>
<arg>json=${product_payload}</arg>
<arg>headers=${headers}</arg>
<doc>Sends a POST request on a previously created HTTP Session.</doc>
<status status="PASS" start="2025-06-06T14:07:06.145180" elapsed="0.149726"/>
</kw>
<kw name="Should Be Equal As Strings" owner="BuiltIn">
<msg time="2025-06-06T14:07:06.296649" level="INFO">Argument types are:
&lt;class 'int'&gt;
&lt;class 'str'&gt;</msg>
<arg>${response.status_code}</arg>
<arg>201</arg>
<doc>Fails if objects are unequal after converting them to strings.</doc>
<status status="PASS" start="2025-06-06T14:07:06.295801" elapsed="0.000946"/>
</kw>
<kw name="Should Be Equal As Strings" owner="BuiltIn">
<arg>${response.json()['message']}</arg>
<arg>Cadastro realizado com sucesso</arg>
<doc>Fails if objects are unequal after converting them to strings.</doc>
<status status="PASS" start="2025-06-06T14:07:06.297233" elapsed="0.000798"/>
</kw>
<kw name="Should Contain" owner="BuiltIn">
<arg>${response.json()}</arg>
<arg>_id</arg>
<doc>Fails if ``container`` does not contain ``item`` one or more times.</doc>
<status status="PASS" start="2025-06-06T14:07:06.298454" elapsed="0.000510"/>
</kw>
<kw name="Set Test Variable" owner="BuiltIn">
<msg time="2025-06-06T14:07:06.300435" level="INFO">${PRODUTO_ID} = OpdvZZ1YHh2I6eoo</msg>
<arg>${PRODUTO_ID}</arg>
<arg>${response.json()['_id']}</arg>
<doc>Makes a variable available everywhere within the scope of the current test.</doc>
<status status="PASS" start="2025-06-06T14:07:06.299313" elapsed="0.001173"/>
</kw>
<kw name="Set Test Variable" owner="BuiltIn">
<msg time="2025-06-06T14:07:06.301548" level="INFO">${PRODUTO_NOME} = Monitor GamerC6jlMkf1ne</msg>
<arg>${PRODUTO_NOME}</arg>
<arg>${unique_product_name}</arg>
<doc>Makes a variable available everywhere within the scope of the current test.</doc>
<status status="PASS" start="2025-06-06T14:07:06.300833" elapsed="0.000759"/>
</kw>
<status status="PASS" start="2025-06-06T14:07:05.842826" elapsed="0.459054"/>
</test>
<test id="s1-s2-t2" name="Cenario: Cadastrar Produto Com Nome Duplicado" line="41">
<kw name="Create Session" owner="RequestsLibrary">
<msg time="2025-06-06T14:07:06.303039" level="INFO">Creating Session using : alias=ServeRestSession, url=http://98.81.214.7:3000, headers={},                     cookies={}, auth=None, timeout=None, proxies=None, verify=False,                     debug=0 </msg>
<arg>ServeRestSession</arg>
<arg>${BASE_URL}</arg>
<arg>verify=False</arg>
<doc>Create Session: create a HTTP session to a server</doc>
<status status="PASS" start="2025-06-06T14:07:06.302905" elapsed="0.000242"/>
</kw>
<kw name="Create Dictionary" owner="BuiltIn">
<msg time="2025-06-06T14:07:06.303546" level="INFO">${login_payload} = {'email': 'fulano@qa.com', 'password': 'teste'}</msg>
<var>${login_payload}</var>
<arg>email=fulano@qa.com</arg>
<arg>password=teste</arg>
<doc>Creates and returns a dictionary based on the given ``items``.</doc>
<status status="PASS" start="2025-06-06T14:07:06.303414" elapsed="0.000150"/>
</kw>
<kw name="POST On Session" owner="RequestsLibrary">
<msg time="2025-06-06T14:07:06.592522" level="INFO">POST Request : url=http://98.81.214.7:3000/login 
 path_url=/login 
 headers={'User-Agent': 'python-requests/2.32.3', 'Accept-Encoding': 'gzip, deflate', 'Accept': '*/*', 'Connection': 'keep-alive', 'Content-Length': '47', 'Content-Type': 'application/json'} 
 body=b'{"email": "fulano@qa.com", "password": "teste"}' 
 </msg>
<msg time="2025-06-06T14:07:06.592698" level="INFO">POST Response : url=http://98.81.214.7:3000/login 
 status=200, reason=OK 
 headers={'Access-Control-Allow-Origin': '*', 'x-dns-prefetch-control': 'off', 'x-frame-options': 'SAMEORIGIN', 'strict-transport-security': 'max-age=15552000; includeSubDomains', 'x-download-options': 'noopen', 'x-content-type-options': 'nosniff', 'x-xss-protection': '1; mode=block', 'Content-Type': 'application/json; charset=utf-8', 'Content-Length': '265', 'Date': 'Fri, 06 Jun 2025 17:07:06 GMT', 'Connection': 'keep-alive', 'Keep-Alive': 'timeout=5'} 
 body={
    "message": "Login realizado com sucesso",
    "authorization": "Bearer eyJhbGciOiJIUzI1NiIsInR5cCI6IkpXVCJ9.eyJlbWFpbCI6ImZ1bGFub0BxYS5jb20iLCJwYXNzd29yZCI6InRlc3RlIiwiaWF0IjoxNzQ5MjI5NjI2LCJleHAiOjE3NDkyMzAyMjZ9.21UdCs_a6rKxh8PNOLHA60UBkt9K2cQVv_fjbpEr3dM"
} 
 </msg>
<msg time="2025-06-06T14:07:06.592968" level="INFO">${login_response} = &lt;Response [200]&gt;</msg>
<var>${login_response}</var>
<arg>ServeRestSession</arg>
<arg>${LOGIN_ENDPOINT}</arg>
<arg>json=${login_payload}</arg>
<doc>Sends a POST request on a previously created HTTP Session.</doc>
<status status="PASS" start="2025-06-06T14:07:06.303836" elapsed="0.289190"/>
</kw>
<kw name="Set Variable" owner="BuiltIn">
<msg time="2025-06-06T14:07:06.594904" level="INFO">${token} = Bearer eyJhbGciOiJIUzI1NiIsInR5cCI6IkpXVCJ9.eyJlbWFpbCI6ImZ1bGFub0BxYS5jb20iLCJwYXNzd29yZCI6InRlc3RlIiwiaWF0IjoxNzQ5MjI5NjI2LCJleHAiOjE3NDkyMzAyMjZ9.21UdCs_a6rKxh8PNOLHA60UBkt9K2cQVv_fjbpEr3dM</msg>
<var>${token}</var>
<arg>${login_response.json()['authorization']}</arg>
<doc>Returns the given values which can then be assigned to a variables.</doc>
<status status="PASS" start="2025-06-06T14:07:06.593755" elapsed="0.001233"/>
</kw>
<kw name="Word" owner="FakerLibrary">
<msg time="2025-06-06T14:07:06.596092" level="INFO">${nome_produto} = design</msg>
<var>${nome_produto}</var>
<doc>Generate a word.</doc>
<status status="PASS" start="2025-06-06T14:07:06.595645" elapsed="0.000510"/>
</kw>
<kw name="Create Dictionary" owner="BuiltIn">
<msg time="2025-06-06T14:07:06.597274" level="INFO">${headers} = {'Authorization': 'Bearer eyJhbGciOiJIUzI1NiIsInR5cCI6IkpXVCJ9.eyJlbWFpbCI6ImZ1bGFub0BxYS5jb20iLCJwYXNzd29yZCI6InRlc3RlIiwiaWF0IjoxNzQ5MjI5NjI2LCJleHAiOjE3NDkyMzAyMjZ9.21UdCs_a6rKxh8PNOLHA60UBkt9K2cQV...</msg>
<var>${headers}</var>
<arg>Authorization=${token}</arg>
<doc>Creates and returns a dictionary based on the given ``items``.</doc>
<status status="PASS" start="2025-06-06T14:07:06.596759" elapsed="0.000581"/>
</kw>
<kw name="Create Dictionary" owner="BuiltIn">
<msg time="2025-06-06T14:07:06.598502" level="INFO">${produto_payload} = {'nome': 'design', 'preco': '999', 'descricao': 'Produto teste para duplicação', 'quantidade': '5'}</msg>
<var>${produto_payload}</var>
<arg>nome=${nome_produto}</arg>
<arg>preco=999</arg>
<arg>descricao=Produto teste para duplicação</arg>
<arg>quantidade=5</arg>
<doc>Creates and returns a dictionary based on the given ``items``.</doc>
<status status="PASS" start="2025-06-06T14:07:06.597931" elapsed="0.000637"/>
</kw>
<kw name="POST On Session" owner="RequestsLibrary">
<msg time="2025-06-06T14:07:06.751078" level="INFO">POST Request : url=http://98.81.214.7:3000/produtos 
 path_url=/produtos 
 headers={'User-Agent': 'python-requests/2.32.3', 'Accept-Encoding': 'gzip, deflate', 'Accept': '*/*', 'Connection': 'keep-alive', 'Authorization': 'Bearer eyJhbGciOiJIUzI1NiIsInR5cCI6IkpXVCJ9.eyJlbWFpbCI6ImZ1bGFub0BxYS5jb20iLCJwYXNzd29yZCI6InRlc3RlIiwiaWF0IjoxNzQ5MjI5NjI2LCJleHAiOjE3NDkyMzAyMjZ9.21UdCs_a6rKxh8PNOLHA60UBkt9K2cQVv_fjbpEr3dM', 'Content-Length': '109', 'Content-Type': 'application/json'} 
 body=b'{"nome": "design", "preco": "999", "descricao": "Produto teste para duplica\\u00e7\\u00e3o", "quantidade": "5"}' 
 </msg>
<msg time="2025-06-06T14:07:06.751369" level="INFO">POST Response : url=http://98.81.214.7:3000/produtos 
 status=201, reason=Created 
 headers={'Access-Control-Allow-Origin': '*', 'x-dns-prefetch-control': 'off', 'x-frame-options': 'SAMEORIGIN', 'strict-transport-security': 'max-age=15552000; includeSubDomains', 'x-download-options': 'noopen', 'x-content-type-options': 'nosniff', 'x-xss-protection': '1; mode=block', 'Content-Type': 'application/json; charset=utf-8', 'Content-Length': '82', 'Date': 'Fri, 06 Jun 2025 17:07:06 GMT', 'Connection': 'keep-alive', 'Keep-Alive': 'timeout=5'} 
 body={
    "message": "Cadastro realizado com sucesso",
    "_id": "Vy8TwPgaL1setomt"
} 
 </msg>
<msg time="2025-06-06T14:07:06.751612" level="INFO">${response} = &lt;Response [201]&gt;</msg>
<var>${response}</var>
<arg>ServeRestSession</arg>
<arg>${PRODUCTS_ENDPOINT}</arg>
<arg>json=${produto_payload}</arg>
<arg>headers=${headers}</arg>
<doc>Sends a POST request on a previously created HTTP Session.</doc>
<status status="PASS" start="2025-06-06T14:07:06.599160" elapsed="0.152511"/>
</kw>
<kw name="Should Be Equal As Strings" owner="BuiltIn">
<msg time="2025-06-06T14:07:06.753373" level="INFO">Argument types are:
&lt;class 'int'&gt;
&lt;class 'str'&gt;</msg>
<arg>${response.status_code}</arg>
<arg>201</arg>
<doc>Fails if objects are unequal after converting them to strings.</doc>
<status status="PASS" start="2025-06-06T14:07:06.752326" elapsed="0.001176"/>
</kw>
<kw name="POST On Session" owner="RequestsLibrary">
<msg time="2025-06-06T14:07:06.903296" level="INFO">POST Request : url=http://98.81.214.7:3000/produtos 
 path_url=/produtos 
 headers={'User-Agent': 'python-requests/2.32.3', 'Accept-Encoding': 'gzip, deflate', 'Accept': '*/*', 'Connection': 'keep-alive', 'Authorization': 'Bearer eyJhbGciOiJIUzI1NiIsInR5cCI6IkpXVCJ9.eyJlbWFpbCI6ImZ1bGFub0BxYS5jb20iLCJwYXNzd29yZCI6InRlc3RlIiwiaWF0IjoxNzQ5MjI5NjI2LCJleHAiOjE3NDkyMzAyMjZ9.21UdCs_a6rKxh8PNOLHA60UBkt9K2cQVv_fjbpEr3dM', 'Content-Length': '109', 'Content-Type': 'application/json'} 
 body=b'{"nome": "design", "preco": "999", "descricao": "Produto teste para duplica\\u00e7\\u00e3o", "quantidade": "5"}' 
 </msg>
<msg time="2025-06-06T14:07:06.903483" level="INFO">POST Response : url=http://98.81.214.7:3000/produtos 
 status=400, reason=Bad Request 
 headers={'Access-Control-Allow-Origin': '*', 'x-dns-prefetch-control': 'off', 'x-frame-options': 'SAMEORIGIN', 'strict-transport-security': 'max-age=15552000; includeSubDomains', 'x-download-options': 'noopen', 'x-content-type-options': 'nosniff', 'x-xss-protection': '1; mode=block', 'Content-Type': 'application/json; charset=utf-8', 'Content-Length': '53', 'Date': 'Fri, 06 Jun 2025 17:07:06 GMT', 'Connection': 'keep-alive', 'Keep-Alive': 'timeout=5'} 
 body={
    "message": "Já existe produto com esse nome"
} 
 </msg>
<msg time="2025-06-06T14:07:06.903731" level="INFO">${response_duplicado} = &lt;Response [400]&gt;</msg>
<var>${response_duplicado}</var>
<arg>ServeRestSession</arg>
<arg>${PRODUCTS_ENDPOINT}</arg>
<arg>json=${produto_payload}</arg>
<arg>headers=${headers}</arg>
<arg>expected_status=400</arg>
<doc>Sends a POST request on a previously created HTTP Session.</doc>
<status status="PASS" start="2025-06-06T14:07:06.754635" elapsed="0.149153"/>
</kw>
<kw name="Should Be Equal As Strings" owner="BuiltIn">
<msg time="2025-06-06T14:07:06.905569" level="INFO">Argument types are:
&lt;class 'int'&gt;
&lt;class 'str'&gt;</msg>
<arg>${response_duplicado.status_code}</arg>
<arg>400</arg>
<doc>Fails if objects are unequal after converting them to strings.</doc>
<status status="PASS" start="2025-06-06T14:07:06.904550" elapsed="0.001142"/>
</kw>
<kw name="Should Be Equal As Strings" owner="BuiltIn">
<arg>${response_duplicado.json()['message']}</arg>
<arg>Já existe produto com esse nome</arg>
<doc>Fails if objects are unequal after converting them to strings.</doc>
<status status="PASS" start="2025-06-06T14:07:06.906336" elapsed="0.001093"/>
</kw>
<status status="PASS" start="2025-06-06T14:07:06.302518" elapsed="0.605528"/>
</test>
<test id="s1-s2-t3" name="Cenario: Criar Carrinho Com Produto Valido" line="65">
<kw name="Create Session" owner="RequestsLibrary">
<msg time="2025-06-06T14:07:06.911058" level="INFO">Creating Session using : alias=ServeRestSession, url=http://98.81.214.7:3000, headers={},                     cookies={}, auth=None, timeout=None, proxies=None, verify=False,                     debug=0 </msg>
<arg>ServeRestSession</arg>
<arg>${BASE_URL}</arg>
<arg>verify=False</arg>
<doc>Create Session: create a HTTP session to a server</doc>
<status status="PASS" start="2025-06-06T14:07:06.910645" elapsed="0.000708"/>
</kw>
<kw name="Create Dictionary" owner="BuiltIn">
<msg time="2025-06-06T14:07:06.912411" level="INFO">${login_payload} = {'email': 'fulano@qa.com', 'password': 'teste'}</msg>
<var>${login_payload}</var>
<arg>email=fulano@qa.com</arg>
<arg>password=teste</arg>
<doc>Creates and returns a dictionary based on the given ``items``.</doc>
<status status="PASS" start="2025-06-06T14:07:06.911964" elapsed="0.000510"/>
</kw>
<kw name="POST On Session" owner="RequestsLibrary">
<msg time="2025-06-06T14:07:07.180485" level="INFO">POST Request : url=http://98.81.214.7:3000/login 
 path_url=/login 
 headers={'User-Agent': 'python-requests/2.32.3', 'Accept-Encoding': 'gzip, deflate', 'Accept': '*/*', 'Connection': 'keep-alive', 'Content-Length': '47', 'Content-Type': 'application/json'} 
 body=b'{"email": "fulano@qa.com", "password": "teste"}' 
 </msg>
<msg time="2025-06-06T14:07:07.180558" level="INFO">POST Response : url=http://98.81.214.7:3000/login 
 status=200, reason=OK 
 headers={'Access-Control-Allow-Origin': '*', 'x-dns-prefetch-control': 'off', 'x-frame-options': 'SAMEORIGIN', 'strict-transport-security': 'max-age=15552000; includeSubDomains', 'x-download-options': 'noopen', 'x-content-type-options': 'nosniff', 'x-xss-protection': '1; mode=block', 'Content-Type': 'application/json; charset=utf-8', 'Content-Length': '265', 'Date': 'Fri, 06 Jun 2025 17:07:07 GMT', 'Connection': 'keep-alive', 'Keep-Alive': 'timeout=5'} 
 body={
    "message": "Login realizado com sucesso",
    "authorization": "Bearer eyJhbGciOiJIUzI1NiIsInR5cCI6IkpXVCJ9.eyJlbWFpbCI6ImZ1bGFub0BxYS5jb20iLCJwYXNzd29yZCI6InRlc3RlIiwiaWF0IjoxNzQ5MjI5NjI3LCJleHAiOjE3NDkyMzAyMjd9.YAlJ_qSU6idJa5piVmG-ecu6yJqGN4xS-T88Lhi0bk4"
} 
 </msg>
<msg time="2025-06-06T14:07:07.180681" level="INFO">${login_response} = &lt;Response [200]&gt;</msg>
<var>${login_response}</var>
<arg>ServeRestSession</arg>
<arg>${LOGIN_ENDPOINT}</arg>
<arg>json=${login_payload}</arg>
<doc>Sends a POST request on a previously created HTTP Session.</doc>
<status status="PASS" start="2025-06-06T14:07:06.913051" elapsed="0.267651"/>
</kw>
<kw name="Set Variable" owner="BuiltIn">
<msg time="2025-06-06T14:07:07.181668" level="INFO">${token} = Bearer eyJhbGciOiJIUzI1NiIsInR5cCI6IkpXVCJ9.eyJlbWFpbCI6ImZ1bGFub0BxYS5jb20iLCJwYXNzd29yZCI6InRlc3RlIiwiaWF0IjoxNzQ5MjI5NjI3LCJleHAiOjE3NDkyMzAyMjd9.YAlJ_qSU6idJa5piVmG-ecu6yJqGN4xS-T88Lhi0bk4</msg>
<var>${token}</var>
<arg>${login_response.json()['authorization']}</arg>
<doc>Returns the given values which can then be assigned to a variables.</doc>
<status status="PASS" start="2025-06-06T14:07:07.181091" elapsed="0.000617"/>
</kw>
<kw name="Generate Random String" owner="String">
<msg time="2025-06-06T14:07:07.182790" level="INFO">${unique_product_name} = ZJ3msHFJlz</msg>
<var>${unique_product_name}</var>
<arg>10</arg>
<arg>[NUMBERS][LETTERS]</arg>
<doc>Generates a string with a desired ``length`` from the given ``chars``.</doc>
<status status="PASS" start="2025-06-06T14:07:07.182261" elapsed="0.000593"/>
</kw>
<kw name="Create Dictionary" owner="BuiltIn">
<msg time="2025-06-06T14:07:07.183410" level="INFO">${headers} = {'Authorization': 'Bearer eyJhbGciOiJIUzI1NiIsInR5cCI6IkpXVCJ9.eyJlbWFpbCI6ImZ1bGFub0BxYS5jb20iLCJwYXNzd29yZCI6InRlc3RlIiwiaWF0IjoxNzQ5MjI5NjI3LCJleHAiOjE3NDkyMzAyMjd9.YAlJ_qSU6idJa5piVmG-ecu6yJqGN4xS...</msg>
<var>${headers}</var>
<arg>Authorization=${token}</arg>
<doc>Creates and returns a dictionary based on the given ``items``.</doc>
<status status="PASS" start="2025-06-06T14:07:07.183208" elapsed="0.000223"/>
</kw>
<kw name="Create Dictionary" owner="BuiltIn">
<msg time="2025-06-06T14:07:07.183946" level="INFO">${product_payload} = {'nome': 'Produto ZJ3msHFJlz', 'preco': '100', 'descricao': 'Produto para teste de carrinho', 'quantidade': '50'}</msg>
<var>${product_payload}</var>
<arg>nome=Produto ${unique_product_name}</arg>
<arg>preco=100</arg>
<arg>descricao=Produto para teste de carrinho</arg>
<arg>quantidade=50</arg>
<doc>Creates and returns a dictionary based on the given ``items``.</doc>
<status status="PASS" start="2025-06-06T14:07:07.183757" elapsed="0.000208"/>
</kw>
<kw name="POST On Session" owner="RequestsLibrary">
<msg time="2025-06-06T14:07:07.320480" level="INFO">POST Request : url=http://98.81.214.7:3000/produtos 
 path_url=/produtos 
 headers={'User-Agent': 'python-requests/2.32.3', 'Accept-Encoding': 'gzip, deflate', 'Accept': '*/*', 'Connection': 'keep-alive', 'Authorization': 'Bearer eyJhbGciOiJIUzI1NiIsInR5cCI6IkpXVCJ9.eyJlbWFpbCI6ImZ1bGFub0BxYS5jb20iLCJwYXNzd29yZCI6InRlc3RlIiwiaWF0IjoxNzQ5MjI5NjI3LCJleHAiOjE3NDkyMzAyMjd9.YAlJ_qSU6idJa5piVmG-ecu6yJqGN4xS-T88Lhi0bk4', 'Content-Length': '113', 'Content-Type': 'application/json'} 
 body=b'{"nome": "Produto ZJ3msHFJlz", "preco": "100", "descricao": "Produto para teste de carrinho", "quantidade": "50"}' 
 </msg>
<msg time="2025-06-06T14:07:07.320550" level="INFO">POST Response : url=http://98.81.214.7:3000/produtos 
 status=201, reason=Created 
 headers={'Access-Control-Allow-Origin': '*', 'x-dns-prefetch-control': 'off', 'x-frame-options': 'SAMEORIGIN', 'strict-transport-security': 'max-age=15552000; includeSubDomains', 'x-download-options': 'noopen', 'x-content-type-options': 'nosniff', 'x-xss-protection': '1; mode=block', 'Content-Type': 'application/json; charset=utf-8', 'Content-Length': '82', 'Date': 'Fri, 06 Jun 2025 17:07:07 GMT', 'Connection': 'keep-alive', 'Keep-Alive': 'timeout=5'} 
 body={
    "message": "Cadastro realizado com sucesso",
    "_id": "OVfcLko2Lf7YRRQy"
} 
 </msg>
<msg time="2025-06-06T14:07:07.320642" level="INFO">${response_product} = &lt;Response [201]&gt;</msg>
<var>${response_product}</var>
<arg>ServeRestSession</arg>
<arg>${PRODUCTS_ENDPOINT}</arg>
<arg>json=${product_payload}</arg>
<arg>headers=${headers}</arg>
<doc>Sends a POST request on a previously created HTTP Session.</doc>
<status status="PASS" start="2025-06-06T14:07:07.184287" elapsed="0.136373"/>
</kw>
<kw name="Set Variable" owner="BuiltIn">
<msg time="2025-06-06T14:07:07.321472" level="INFO">${produto_id} = OVfcLko2Lf7YRRQy</msg>
<var>${produto_id}</var>
<arg>${response_product.json()['_id']}</arg>
<doc>Returns the given values which can then be assigned to a variables.</doc>
<status status="PASS" start="2025-06-06T14:07:07.321021" elapsed="0.000470"/>
</kw>
<kw name="Create Dictionary" owner="BuiltIn">
<msg time="2025-06-06T14:07:07.322249" level="INFO">${produto_dict} = {'idProduto': 'OVfcLko2Lf7YRRQy', 'quantidade': '1'}</msg>
<var>${produto_dict}</var>
<arg>idProduto=${produto_id}</arg>
<arg>quantidade=1</arg>
<doc>Creates and returns a dictionary based on the given ``items``.</doc>
<status status="PASS" start="2025-06-06T14:07:07.322065" elapsed="0.000202"/>
</kw>
<kw name="Create List" owner="BuiltIn">
<msg time="2025-06-06T14:07:07.322694" level="INFO">${produtos_list} = [{'idProduto': 'OVfcLko2Lf7YRRQy', 'quantidade': '1'}]</msg>
<var>${produtos_list}</var>
<arg>${produto_dict}</arg>
<doc>Returns a list containing given items.</doc>
<status status="PASS" start="2025-06-06T14:07:07.322564" elapsed="0.000148"/>
</kw>
<kw name="Create Dictionary" owner="BuiltIn">
<msg time="2025-06-06T14:07:07.323152" level="INFO">${cart_payload} = {'produtos': [{'idProduto': 'OVfcLko2Lf7YRRQy', 'quantidade': '1'}]}</msg>
<var>${cart_payload}</var>
<arg>produtos=${produtos_list}</arg>
<doc>Creates and returns a dictionary based on the given ``items``.</doc>
<status status="PASS" start="2025-06-06T14:07:07.322995" elapsed="0.000175"/>
</kw>
<kw name="Run Keyword And Ignore Error" owner="BuiltIn">
<kw name="DELETE On Session" owner="RequestsLibrary">
<msg time="2025-06-06T14:07:07.459156" level="INFO">DELETE Request : url=http://98.81.214.7:3000/carrinhos/cancelar-compra 
 path_url=/carrinhos/cancelar-compra 
 headers={'User-Agent': 'python-requests/2.32.3', 'Accept-Encoding': 'gzip, deflate', 'Accept': '*/*', 'Connection': 'keep-alive', 'Authorization': 'Bearer eyJhbGciOiJIUzI1NiIsInR5cCI6IkpXVCJ9.eyJlbWFpbCI6ImZ1bGFub0BxYS5jb20iLCJwYXNzd29yZCI6InRlc3RlIiwiaWF0IjoxNzQ5MjI5NjI3LCJleHAiOjE3NDkyMzAyMjd9.YAlJ_qSU6idJa5piVmG-ecu6yJqGN4xS-T88Lhi0bk4', 'Content-Length': '0'} 
 body=None 
 </msg>
<msg time="2025-06-06T14:07:07.459231" level="INFO">DELETE Response : url=http://98.81.214.7:3000/carrinhos/cancelar-compra 
 status=200, reason=OK 
 headers={'Access-Control-Allow-Origin': '*', 'x-dns-prefetch-control': 'off', 'x-frame-options': 'SAMEORIGIN', 'strict-transport-security': 'max-age=15552000; includeSubDomains', 'x-download-options': 'noopen', 'x-content-type-options': 'nosniff', 'x-xss-protection': '1; mode=block', 'Content-Type': 'application/json; charset=utf-8', 'Content-Length': '86', 'Date': 'Fri, 06 Jun 2025 17:07:07 GMT', 'Connection': 'keep-alive', 'Keep-Alive': 'timeout=5'} 
 body={
    "message": "Registro excluído com sucesso. Estoque dos produtos reabastecido"
} 
 </msg>
<arg>ServeRestSession</arg>
<arg>${CARTS_ENDPOINT}/cancelar-compra</arg>
<arg>headers=${headers}</arg>
<doc>Sends a DELETE request on a previously created HTTP Session.</doc>
<status status="PASS" start="2025-06-06T14:07:07.323561" elapsed="0.135728"/>
</kw>
<arg>DELETE On Session</arg>
<arg>ServeRestSession</arg>
<arg>${CARTS_ENDPOINT}/cancelar-compra</arg>
<arg>headers=${headers}</arg>
<doc>Runs the given keyword with the given arguments and ignores possible error.</doc>
<status status="PASS" start="2025-06-06T14:07:07.323449" elapsed="0.135894"/>
</kw>
<kw name="Sleep" owner="BuiltIn">
<msg time="2025-06-06T14:07:08.460236" level="INFO">Slept 1 second.</msg>
<arg>1s</arg>
<doc>Pauses the test executed for the given time.</doc>
<status status="PASS" start="2025-06-06T14:07:07.459657" elapsed="1.000750"/>
</kw>
<kw name="POST On Session" owner="RequestsLibrary">
<msg time="2025-06-06T14:07:08.601412" level="INFO">POST Request : url=http://98.81.214.7:3000/carrinhos 
 path_url=/carrinhos 
 headers={'User-Agent': 'python-requests/2.32.3', 'Accept-Encoding': 'gzip, deflate', 'Accept': '*/*', 'Connection': 'keep-alive', 'Authorization': 'Bearer eyJhbGciOiJIUzI1NiIsInR5cCI6IkpXVCJ9.eyJlbWFpbCI6ImZ1bGFub0BxYS5jb20iLCJwYXNzd29yZCI6InRlc3RlIiwiaWF0IjoxNzQ5MjI5NjI3LCJleHAiOjE3NDkyMzAyMjd9.YAlJ_qSU6idJa5piVmG-ecu6yJqGN4xS-T88Lhi0bk4', 'Content-Length': '68', 'Content-Type': 'application/json'} 
 body=b'{"produtos": [{"idProduto": "OVfcLko2Lf7YRRQy", "quantidade": "1"}]}' 
 </msg>
<msg time="2025-06-06T14:07:08.601484" level="INFO">POST Response : url=http://98.81.214.7:3000/carrinhos 
 status=201, reason=Created 
 headers={'Access-Control-Allow-Origin': '*', 'x-dns-prefetch-control': 'off', 'x-frame-options': 'SAMEORIGIN', 'strict-transport-security': 'max-age=15552000; includeSubDomains', 'x-download-options': 'noopen', 'x-content-type-options': 'nosniff', 'x-xss-protection': '1; mode=block', 'Content-Type': 'application/json; charset=utf-8', 'Content-Length': '82', 'Date': 'Fri, 06 Jun 2025 17:07:08 GMT', 'Connection': 'keep-alive', 'Keep-Alive': 'timeout=5'} 
 body={
    "message": "Cadastro realizado com sucesso",
    "_id": "U6iCuyru1WVhYnH4"
} 
 </msg>
<msg time="2025-06-06T14:07:08.601599" level="INFO">${response_cart} = &lt;Response [201]&gt;</msg>
<var>${response_cart}</var>
<arg>ServeRestSession</arg>
<arg>${CARTS_ENDPOINT}</arg>
<arg>json=${cart_payload}</arg>
<arg>headers=${headers}</arg>
<arg>expected_status=anything</arg>
<doc>Sends a POST request on a previously created HTTP Session.</doc>
<status status="PASS" start="2025-06-06T14:07:08.461055" elapsed="0.140562"/>
</kw>
<kw name="Log" owner="BuiltIn">
<msg time="2025-06-06T14:07:08.602468" level="INFO">Resposta do carrinho: {
    "message": "Cadastro realizado com sucesso",
    "_id": "U6iCuyru1WVhYnH4"
}</msg>
<arg>Resposta do carrinho: ${response_cart.text}</arg>
<doc>Logs the given message with the given level.</doc>
<status status="PASS" start="2025-06-06T14:07:08.602050" elapsed="0.000452"/>
</kw>
<kw name="Should Be Equal As Strings" owner="BuiltIn">
<msg time="2025-06-06T14:07:08.603123" level="INFO">Argument types are:
&lt;class 'int'&gt;
&lt;class 'str'&gt;</msg>
<arg>${response_cart.status_code}</arg>
<arg>201</arg>
<doc>Fails if objects are unequal after converting them to strings.</doc>
<status status="PASS" start="2025-06-06T14:07:08.602798" elapsed="0.000377"/>
</kw>
<status status="PASS" start="2025-06-06T14:07:06.909663" elapsed="1.693965"/>
</test>
<status status="PASS" start="2025-06-06T14:07:05.533391" elapsed="3.071005"/>
</suite>
<suite id="s1-s3" name="User Registration Tests" source="C:\Users\Lucas\pb-compassuol\CompassUOL\Sprint6\Semana11\tests\user_registration_tests.robot">
<test id="s1-s3-t1" name="Cenario: Validar Restricao De Cadastro Com Dominio Gmail" line="12">
<kw name="Generate Random String" owner="String">
<msg time="2025-06-06T14:07:08.608136" level="INFO">${unique_user_name} = EwjMIxHB</msg>
<var>${unique_user_name}</var>
<arg>8</arg>
<arg>[LETTERS]</arg>
<doc>Generates a string with a desired ``length`` from the given ``chars``.</doc>
<status status="PASS" start="2025-06-06T14:07:08.607958" elapsed="0.000200"/>
</kw>
<kw name="Catenate" owner="BuiltIn">
<msg time="2025-06-06T14:07:08.608584" level="INFO">${unique_user_name} = UsuarioEwjMIxHB</msg>
<var>${unique_user_name}</var>
<arg>SEPARATOR=</arg>
<arg>Usuario</arg>
<arg>${unique_user_name}</arg>
<doc>Catenates the given items together and returns the resulted string.</doc>
<status status="PASS" start="2025-06-06T14:07:08.608446" elapsed="0.000156"/>
</kw>
<kw name="Catenate" owner="BuiltIn">
<msg time="2025-06-06T14:07:08.608990" level="INFO">${restricted_email} = UsuarioEwjMIxHB@gmail.com</msg>
<var>${restricted_email}</var>
<arg>SEPARATOR=</arg>
<arg>${unique_user_name}</arg>
<arg>@gmail.com</arg>
<doc>Catenates the given items together and returns the resulted string.</doc>
<status status="PASS" start="2025-06-06T14:07:08.608866" elapsed="0.000142"/>
</kw>
<kw name="Generate Random String" owner="String">
<msg time="2025-06-06T14:07:08.609417" level="INFO">${password} = 8WRWgAQV</msg>
<var>${password}</var>
<arg>8</arg>
<arg>[NUMBERS][LETTERS]</arg>
<doc>Generates a string with a desired ``length`` from the given ``chars``.</doc>
<status status="PASS" start="2025-06-06T14:07:08.609271" elapsed="0.000167"/>
</kw>
<kw name="Create Dictionary" owner="BuiltIn">
<msg time="2025-06-06T14:07:08.609949" level="INFO">&amp;{user_payload} = { nome=UsuarioEwjMIxHB | email=UsuarioEwjMIxHB@gmail.com | password=8WRWgAQV | administrador=false }</msg>
<var>&amp;{user_payload}</var>
<arg>nome=${unique_user_name}</arg>
<arg>email=${restricted_email}</arg>
<arg>password=${password}</arg>
<arg>administrador=false</arg>
<doc>Creates and returns a dictionary based on the given ``items``.</doc>
<status status="PASS" start="2025-06-06T14:07:08.609711" elapsed="0.000258"/>
</kw>
<kw name="Create Session" owner="RequestsLibrary">
<msg time="2025-06-06T14:07:08.610350" level="INFO">Creating Session using : alias=ServeRestUserSessionGmail, url=http://98.81.214.7:3000 # Garante que a sessão é criada corretamente, headers={},                     cookies={}, auth=None, timeout=None, proxies=None, verify=False,                     debug=0 </msg>
<arg>ServeRestUserSessionGmail</arg>
<arg>${BASE_URL} # Garante que a sessão é criada corretamente</arg>
<doc>Create Session: create a HTTP session to a server</doc>
<status status="PASS" start="2025-06-06T14:07:08.610238" elapsed="0.000217"/>
</kw>
<kw name="POST On Session" owner="RequestsLibrary">
<msg time="2025-06-06T14:07:08.904374" level="INFO">POST Request : url=http://98.81.214.7:3000/usuarios 
 path_url=/usuarios 
 headers={'User-Agent': 'python-requests/2.32.3', 'Accept-Encoding': 'gzip, deflate', 'Accept': '*/*', 'Connection': 'keep-alive', 'Content-Length': '115', 'Content-Type': 'application/json'} 
 body=b'{"nome": "UsuarioEwjMIxHB", "email": "UsuarioEwjMIxHB@gmail.com", "password": "8WRWgAQV", "administrador": "false"}' 
 </msg>
<msg time="2025-06-06T14:07:08.904549" level="INFO">POST Response : url=http://98.81.214.7:3000/usuarios 
 status=201, reason=Created 
 headers={'Access-Control-Allow-Origin': '*', 'x-dns-prefetch-control': 'off', 'x-frame-options': 'SAMEORIGIN', 'strict-transport-security': 'max-age=15552000; includeSubDomains', 'x-download-options': 'noopen', 'x-content-type-options': 'nosniff', 'x-xss-protection': '1; mode=block', 'Content-Type': 'application/json; charset=utf-8', 'Content-Length': '82', 'Date': 'Fri, 06 Jun 2025 17:07:08 GMT', 'Connection': 'keep-alive', 'Keep-Alive': 'timeout=5'} 
 body={
    "message": "Cadastro realizado com sucesso",
    "_id": "4PChW5VpHmgjBbCS"
} 
 </msg>
<msg time="2025-06-06T14:07:08.904777" level="INFO">${response} = &lt;Response [201]&gt;</msg>
<var>${response}</var>
<arg>ServeRestUserSessionGmail</arg>
<arg>${FULL_URL}</arg>
<arg>json=${user_payload}</arg>
<doc>Sends a POST request on a previously created HTTP Session.</doc>
<status status="PASS" start="2025-06-06T14:07:08.610720" elapsed="0.294114"/>
</kw>
<kw name="Log To Console" owner="BuiltIn">
<arg>Corpo da Resposta (Erro): ${response.json()}</arg>
<doc>Logs the given message to the console.</doc>
<status status="PASS" start="2025-06-06T14:07:08.905545" elapsed="0.001551"/>
</kw>
<kw name="Should Be Equal As Strings" owner="BuiltIn">
<msg time="2025-06-06T14:07:08.909948" level="INFO">Argument types are:
&lt;class 'int'&gt;
&lt;class 'str'&gt;</msg>
<msg time="2025-06-06T14:07:08.910235" level="FAIL">Status Code não foi 400 para email restrito (Gmail).: 201 != 400</msg>
<arg>${response.status_code}</arg>
<arg>400</arg>
<arg>msg=Status Code não foi 400 para email restrito (Gmail).</arg>
<doc>Fails if objects are unequal after converting them to strings.</doc>
<status status="FAIL" start="2025-06-06T14:07:08.907714" elapsed="0.002835">Status Code não foi 400 para email restrito (Gmail).: 201 != 400</status>
</kw>
<kw name="Should Contain" owner="BuiltIn">
<arg>${response.json()['message']}</arg>
<arg>Email já cadastrado</arg>
<arg>msg=A mensagem de erro para email restrito (Gmail) está incorreta.</arg>
<doc>Fails if ``container`` does not contain ``item`` one or more times.</doc>
<status status="NOT RUN" start="2025-06-06T14:07:08.911744" elapsed="0.000069"/>
</kw>
<tag>cadastro</tag>
<tag>email</tag>
<tag>negativo</tag>
<tag>restricao</tag>
<tag>usuario</tag>
<status status="FAIL" start="2025-06-06T14:07:08.607504" elapsed="0.305001">Status Code não foi 400 para email restrito (Gmail).: 201 != 400</status>
</test>
<test id="s1-s3-t2" name="Cenario: Validar Restricao De Cadastro Com Dominio Hotmail" line="38">
<kw name="Generate Random String" owner="String">
<msg time="2025-06-06T14:07:08.915331" level="INFO">${unique_user_name} = yUjbSFPo</msg>
<var>${unique_user_name}</var>
<arg>8</arg>
<arg>[LETTERS]</arg>
<doc>Generates a string with a desired ``length`` from the given ``chars``.</doc>
<status status="PASS" start="2025-06-06T14:07:08.914880" elapsed="0.000508"/>
</kw>
<kw name="Catenate" owner="BuiltIn">
<msg time="2025-06-06T14:07:08.916207" level="INFO">${unique_user_name} = UsuarioyUjbSFPo</msg>
<var>${unique_user_name}</var>
<arg>SEPARATOR=</arg>
<arg>Usuario</arg>
<arg>${unique_user_name}</arg>
<doc>Catenates the given items together and returns the resulted string.</doc>
<status status="PASS" start="2025-06-06T14:07:08.915921" elapsed="0.000320"/>
</kw>
<kw name="Catenate" owner="BuiltIn">
<msg time="2025-06-06T14:07:08.916887" level="INFO">${restricted_email} = UsuarioyUjbSFPo@hotmail.com</msg>
<var>${restricted_email}</var>
<arg>SEPARATOR=</arg>
<arg>${unique_user_name}</arg>
<arg>@hotmail.com</arg>
<doc>Catenates the given items together and returns the resulted string.</doc>
<status status="PASS" start="2025-06-06T14:07:08.916648" elapsed="0.000274"/>
</kw>
<kw name="Generate Random String" owner="String">
<msg time="2025-06-06T14:07:08.917733" level="INFO">${password} = HXWmW2CF</msg>
<var>${password}</var>
<arg>8</arg>
<arg>[NUMBERS][LETTERS]</arg>
<doc>Generates a string with a desired ``length`` from the given ``chars``.</doc>
<status status="PASS" start="2025-06-06T14:07:08.917458" elapsed="0.000310"/>
</kw>
<kw name="Create Dictionary" owner="BuiltIn">
<msg time="2025-06-06T14:07:08.918682" level="INFO">&amp;{user_payload} = { nome=UsuarioyUjbSFPo | email=UsuarioyUjbSFPo@hotmail.com | password=HXWmW2CF | administrador=false }</msg>
<var>&amp;{user_payload}</var>
<arg>nome=${unique_user_name}</arg>
<arg>email=${restricted_email}</arg>
<arg>password=${password}</arg>
<arg>administrador=false</arg>
<doc>Creates and returns a dictionary based on the given ``items``.</doc>
<status status="PASS" start="2025-06-06T14:07:08.918203" elapsed="0.000518"/>
</kw>
<kw name="Create Session" owner="RequestsLibrary">
<msg time="2025-06-06T14:07:08.919287" level="INFO">Creating Session using : alias=ServeRestUserSessionHotmail, url=http://98.81.214.7:3000 # Garante que a sessão é criada corretamente, headers={},                     cookies={}, auth=None, timeout=None, proxies=None, verify=False,                     debug=0 </msg>
<arg>ServeRestUserSessionHotmail</arg>
<arg>${BASE_URL} # Garante que a sessão é criada corretamente</arg>
<doc>Create Session: create a HTTP session to a server</doc>
<status status="PASS" start="2025-06-06T14:07:08.919075" elapsed="0.000402"/>
</kw>
<kw name="POST On Session" owner="RequestsLibrary">
<msg time="2025-06-06T14:07:09.200496" level="INFO">POST Request : url=http://98.81.214.7:3000/usuarios 
 path_url=/usuarios 
 headers={'User-Agent': 'python-requests/2.32.3', 'Accept-Encoding': 'gzip, deflate', 'Accept': '*/*', 'Connection': 'keep-alive', 'Content-Length': '117', 'Content-Type': 'application/json'} 
 body=b'{"nome": "UsuarioyUjbSFPo", "email": "UsuarioyUjbSFPo@hotmail.com", "password": "HXWmW2CF", "administrador": "false"}' 
 </msg>
<msg time="2025-06-06T14:07:09.200673" level="INFO">POST Response : url=http://98.81.214.7:3000/usuarios 
 status=201, reason=Created 
 headers={'Access-Control-Allow-Origin': '*', 'x-dns-prefetch-control': 'off', 'x-frame-options': 'SAMEORIGIN', 'strict-transport-security': 'max-age=15552000; includeSubDomains', 'x-download-options': 'noopen', 'x-content-type-options': 'nosniff', 'x-xss-protection': '1; mode=block', 'Content-Type': 'application/json; charset=utf-8', 'Content-Length': '82', 'Date': 'Fri, 06 Jun 2025 17:07:09 GMT', 'Connection': 'keep-alive', 'Keep-Alive': 'timeout=5'} 
 body={
    "message": "Cadastro realizado com sucesso",
    "_id": "NQIoDEUNtki9X2Cn"
} 
 </msg>
<msg time="2025-06-06T14:07:09.200903" level="INFO">${response} = &lt;Response [201]&gt;</msg>
<var>${response}</var>
<arg>ServeRestUserSessionHotmail</arg>
<arg>${FULL_URL}</arg>
<arg>json=${user_payload}</arg>
<doc>Sends a POST request on a previously created HTTP Session.</doc>
<status status="PASS" start="2025-06-06T14:07:08.919786" elapsed="0.281176"/>
</kw>
<kw name="Log To Console" owner="BuiltIn">
<arg>Corpo da Resposta (Erro): ${response.json()}</arg>
<doc>Logs the given message to the console.</doc>
<status status="PASS" start="2025-06-06T14:07:09.201715" elapsed="0.001405"/>
</kw>
<kw name="Should Be Equal As Strings" owner="BuiltIn">
<msg time="2025-06-06T14:07:09.204703" level="INFO">Argument types are:
&lt;class 'int'&gt;
&lt;class 'str'&gt;</msg>
<msg time="2025-06-06T14:07:09.204911" level="FAIL">Status Code não foi 400 para email restrito (Hotmail).: 201 != 400</msg>
<arg>${response.status_code}</arg>
<arg>400</arg>
<arg>msg=Status Code não foi 400 para email restrito (Hotmail).</arg>
<doc>Fails if objects are unequal after converting them to strings.</doc>
<status status="FAIL" start="2025-06-06T14:07:09.203673" elapsed="0.001413">Status Code não foi 400 para email restrito (Hotmail).: 201 != 400</status>
</kw>
<kw name="Should Contain" owner="BuiltIn">
<arg>${response.json()['message']}</arg>
<arg>Email já cadastrado</arg>
<arg>msg=A mensagem de erro para email restrito (Hotmail) está incorreta.</arg>
<doc>Fails if ``container`` does not contain ``item`` one or more times.</doc>
<status status="NOT RUN" start="2025-06-06T14:07:09.206329" elapsed="0.000081"/>
</kw>
<tag>cadastro</tag>
<tag>email</tag>
<tag>negativo</tag>
<tag>restricao</tag>
<tag>usuario</tag>
<status status="FAIL" start="2025-06-06T14:07:08.913993" elapsed="0.293073">Status Code não foi 400 para email restrito (Hotmail).: 201 != 400</status>
</test>
<status status="FAIL" start="2025-06-06T14:07:08.605303" elapsed="0.603511"/>
</suite>
<status status="FAIL" start="2025-06-06T14:07:04.394785" elapsed="4.815987"/>
</suite>
<statistics>
<total>
<stat pass="6" fail="2" skip="0">All Tests</stat>
</total>
<tag>
<stat pass="0" fail="2" skip="0">cadastro</stat>
<stat pass="0" fail="2" skip="0">email</stat>
<stat pass="0" fail="2" skip="0">negativo</stat>
<stat pass="0" fail="2" skip="0">restricao</stat>
<stat pass="0" fail="2" skip="0">usuario</stat>
</tag>
<suite>
<stat name="Tests" id="s1" pass="6" fail="2" skip="0">Tests</stat>
<stat name="Login Tests" id="s1-s1" pass="3" fail="0" skip="0">Tests.Login Tests</stat>
<stat name="Product Tests" id="s1-s2" pass="3" fail="0" skip="0">Tests.Product Tests</stat>
<stat name="User Registration Tests" id="s1-s3" pass="0" fail="2" skip="0">Tests.User Registration Tests</stat>
</suite>
</statistics>
<errors>
</errors>
</robot>
