<?xml version="1.0" encoding="UTF-8"?>
<robot generator="Robot 7.2.2 (Python 3.13.3 on win32)" generated="2025-05-23T01:12:10.970447" rpa="false" schemaversion="5">
<suite id="s1" name="Api Restful-Booker Test" source="c:\api_tests\tests\api_restful-booker_test.robot">
<test id="s1-t1" name="Verificar se API está online" line="36">
<kw name="GET HealthCheck" owner="Ping">
<kw name="Create Session" owner="RequestsLibrary">
<msg time="2025-05-23T01:12:11.354193" level="INFO">Creating Session using : alias=temp_session, url=https://restful-booker.herokuapp.com, headers={},                     cookies={}, auth=None, timeout=None, proxies=None, verify=False,                     debug=0 </msg>
<msg time="2025-05-23T01:12:11.357455" level="INFO">${session} = &lt;requests.sessions.Session object at 0x000001C65E1D6510&gt;</msg>
<var>${session}</var>
<arg>temp_session</arg>
<arg>https://restful-booker.herokuapp.com</arg>
<doc>Create Session: create a HTTP session to a server</doc>
<status status="PASS" start="2025-05-23T01:12:11.353835" elapsed="0.003796"/>
</kw>
<kw name="GET On Session" owner="RequestsLibrary">
<msg time="2025-05-23T01:12:12.086711" level="INFO">GET Request : url=https://restful-booker.herokuapp.com/ping 
 path_url=/ping 
 headers={'User-Agent': 'python-requests/2.32.3', 'Accept-Encoding': 'gzip, deflate', 'Accept': '*/*', 'Connection': 'keep-alive'} 
 body=None 
 </msg>
<msg time="2025-05-23T01:12:12.087282" level="INFO">GET Response : url=https://restful-booker.herokuapp.com/ping 
 status=201, reason=Created 
 headers={'Content-Length': '7', 'Content-Type': 'text/plain; charset=utf-8', 'Date': 'Fri, 23 May 2025 04:12:12 GMT', 'Etag': 'W/"7-rM9AyJuqT6iOan/xHh+AW+7K/T8"', 'Nel': '{"report_to":"heroku-nel","response_headers":["Via"],"max_age":3600,"success_fraction":0.01,"failure_fraction":0.1}', 'Report-To': '{"group":"heroku-nel","endpoints":[{"url":"https://nel.heroku.com/reports?s=T7NmaitmaYNGjAS0mILK0rNxWqQLSo4r4lZH%2BE9jsQI%3D\\u0026sid=c46efe9b-d3d2-4a0c-8c76-bfafa16c5add\\u0026ts=1747973532"}],"max_age":3600}', 'Reporting-Endpoints': 'heroku-nel="https://nel.heroku.com/reports?s=T7NmaitmaYNGjAS0mILK0rNxWqQLSo4r4lZH%2BE9jsQI%3D&amp;sid=c46efe9b-d3d2-4a0c-8c76-bfafa16c5add&amp;ts=1747973532"', 'Server': 'Heroku', 'Via': '1.1 heroku-router', 'X-Powered-By': 'Express'} 
 body=Created 
 </msg>
<msg time="2025-05-23T01:12:12.087641" level="INFO">C:\Users\Lucas\AppData\Local\Programs\Python\Python313\Lib\site-packages\urllib3\connectionpool.py:1097: InsecureRequestWarning: Unverified HTTPS request is being made to host 'restful-booker.herokuapp.com'. Adding certificate verification is strongly advised. See: https://urllib3.readthedocs.io/en/latest/advanced-usage.html#tls-warnings
  warnings.warn(</msg>
<arg>temp_session</arg>
<arg>/ping</arg>
<doc>Sends a GET request on a previously created HTTP Session.</doc>
<status status="PASS" start="2025-05-23T01:12:11.357870" elapsed="0.730699"/>
</kw>
<kw name="Delete All Sessions" owner="RequestsLibrary" type="TEARDOWN">
<msg time="2025-05-23T01:12:12.090258" level="INFO">Deleting All Sessions</msg>
<doc>Removes all the session objects</doc>
<status status="PASS" start="2025-05-23T01:12:12.089700" elapsed="0.001106"/>
</kw>
<status status="PASS" start="2025-05-23T01:12:11.353181" elapsed="0.737954"/>
</kw>
<status status="PASS" start="2025-05-23T01:12:11.352254" elapsed="0.739972"/>
</test>
<status status="PASS" start="2025-05-23T01:12:10.975185" elapsed="1.119585"/>
</suite>
<statistics>
<total>
<stat pass="1" fail="0" skip="0">All Tests</stat>
</total>
<tag>
</tag>
<suite>
<stat name="Api Restful-Booker Test" id="s1" pass="1" fail="0" skip="0">Api Restful-Booker Test</stat>
</suite>
</statistics>
<errors>
<msg time="2025-05-23T01:12:11.333783" level="WARN">Error in file 'c:\api_tests\resources\Auth.robot' on line 25: The '[Return]' setting is deprecated. Use the 'RETURN' statement instead.</msg>
<msg time="2025-05-23T01:12:11.334986" level="WARN">Error in file 'c:\api_tests\resources\Auth.robot' on line 30: The '[Return]' setting is deprecated. Use the 'RETURN' statement instead.</msg>
</errors>
</robot>
